Using pre-set license
Built from '2020.3/staging' branch; Version is '2020.3.32f1 (12f8b0834f07) revision 1243312'; Using compiler version '192528614'; Build Type 'Release'
OS: 'Windows 11  (10.0.22000) 64bit Core' Language: 'en' Physical Memory: 16152 MB
BatchMode: 1, IsHumanControllingUs: 0, StartBugReporterOnCrash: 0, Is64bit: 1, IsPro: 0

COMMAND LINE ARGUMENTS:
C:\Program Files\Unity\Hub\Editor\2020.3.32f1\Editor\Unity.exe
-adb2
-batchMode
-noUpm
-name
AssetImportWorker0
-projectPath
C:/Users/Adam/Documents/GitHub/MidtermDemo/Midterm_Demo
-logFile
Logs/AssetImportWorker0.log
-srvPort
52130
Successfully changed project path to: C:/Users/Adam/Documents/GitHub/MidtermDemo/Midterm_Demo
C:/Users/Adam/Documents/GitHub/MidtermDemo/Midterm_Demo
Using Asset Import Pipeline V2.
Refreshing native plugins compatible for Editor in 63.28 ms, found 2 plugins.
Preloading 0 native plugins for Editor in 0.00 ms.
Initialize engine version: 2020.3.32f1 (12f8b0834f07)
[Subsystems] Discovering subsystems at path C:/Program Files/Unity/Hub/Editor/2020.3.32f1/Editor/Data/Resources/UnitySubsystems
[Subsystems] Discovering subsystems at path C:/Users/Adam/Documents/GitHub/MidtermDemo/Midterm_Demo/Assets
GfxDevice: creating device client; threaded=0
Direct3D:
    Version:  Direct3D 11.0 [level 11.1]
    Renderer: NVIDIA GeForce RTX 3070 Laptop GPU (ID=0x24dd)
    Vendor:   
    VRAM:     8044 MB
    Driver:   30.0.14.7247
Initialize mono
Mono path[0] = 'C:/Program Files/Unity/Hub/Editor/2020.3.32f1/Editor/Data/Managed'
Mono path[1] = 'C:/Program Files/Unity/Hub/Editor/2020.3.32f1/Editor/Data/MonoBleedingEdge/lib/mono/unityjit'
Mono config path = 'C:/Program Files/Unity/Hub/Editor/2020.3.32f1/Editor/Data/MonoBleedingEdge/etc'
Using monoOptions --debugger-agent=transport=dt_socket,embedding=1,server=y,suspend=n,address=127.0.0.1:56040
Begin MonoManager ReloadAssembly
Registering precompiled unity dll's ...
Register platform support module: C:/Program Files/Unity/Hub/Editor/2020.3.32f1/Editor/Data/PlaybackEngines/WindowsStandaloneSupport/UnityEditor.WindowsStandalone.Extensions.dll
Registered in 0.002233 seconds.
Native extension for WindowsStandalone target not found
Refreshing native plugins compatible for Editor in 53.85 ms, found 2 plugins.
Preloading 0 native plugins for Editor in 0.00 ms.
Mono: successfully reloaded assembly
- Completed reload, in  0.734 seconds
Domain Reload Profiling:
	ReloadAssembly (734ms)
		BeginReloadAssembly (77ms)
			ExecutionOrderSort (0ms)
			DisableScriptedObjects (0ms)
			BackupInstance (0ms)
			ReleaseScriptingObjects (0ms)
			CreateAndSetChildDomain (1ms)
		EndReloadAssembly (573ms)
			LoadAssemblies (74ms)
			RebuildTransferFunctionScriptingTraits (0ms)
			SetupTypeCache (178ms)
			ReleaseScriptCaches (0ms)
			RebuildScriptCaches (37ms)
			SetupLoadedEditorAssemblies (230ms)
				LogAssemblyErrors (0ms)
				InitializePlatformSupportModulesInManaged (6ms)
				SetLoadedEditorAssemblies (0ms)
				RefreshPlugins (54ms)
				BeforeProcessingInitializeOnLoad (19ms)
				ProcessInitializeOnLoadAttributes (108ms)
				ProcessInitializeOnLoadMethodAttributes (43ms)
				AfterProcessingInitializeOnLoad (0ms)
				EditorAssembliesLoaded (0ms)
			ExecutionOrderSort2 (0ms)
			AwakeInstancesAfterBackupRestoration (0ms)
Platform modules already initialized, skipping
Registering precompiled user dll's ...
Registered in 0.007776 seconds.
Begin MonoManager ReloadAssembly
Native extension for WindowsStandalone target not found
Refreshing native plugins compatible for Editor in 71.59 ms, found 2 plugins.
Preloading 0 native plugins for Editor in 0.00 ms.
Mono: successfully reloaded assembly
- Completed reload, in  1.550 seconds
Domain Reload Profiling:
	ReloadAssembly (1551ms)
		BeginReloadAssembly (203ms)
			ExecutionOrderSort (0ms)
			DisableScriptedObjects (6ms)
			BackupInstance (0ms)
			ReleaseScriptingObjects (0ms)
			CreateAndSetChildDomain (20ms)
		EndReloadAssembly (1259ms)
			LoadAssemblies (128ms)
			RebuildTransferFunctionScriptingTraits (0ms)
			SetupTypeCache (369ms)
			ReleaseScriptCaches (0ms)
			RebuildScriptCaches (71ms)
			SetupLoadedEditorAssemblies (539ms)
				LogAssemblyErrors (0ms)
				InitializePlatformSupportModulesInManaged (4ms)
				SetLoadedEditorAssemblies (0ms)
				RefreshPlugins (72ms)
				BeforeProcessingInitializeOnLoad (103ms)
				ProcessInitializeOnLoadAttributes (338ms)
				ProcessInitializeOnLoadMethodAttributes (11ms)
				AfterProcessingInitializeOnLoad (11ms)
				EditorAssembliesLoaded (0ms)
			ExecutionOrderSort2 (0ms)
			AwakeInstancesAfterBackupRestoration (12ms)
Platform modules already initialized, skipping
========================================================================
Worker process is ready to serve import requests
Launched and connected shader compiler UnityShaderCompiler.exe after 1.93 seconds
Refreshing native plugins compatible for Editor in 0.71 ms, found 2 plugins.
Preloading 0 native plugins for Editor in 0.00 ms.
Unloading 2122 Unused Serialized files (Serialized files now loaded: 0)
System memory in use before: 104.5 MB.
System memory in use after: 103.3 MB.

Unloading 30 unused Assets to reduce memory usage. Loaded Objects now: 2570.
Total: 5.292000 ms (FindLiveObjects: 0.180000 ms CreateObjectMapping: 0.085200 ms MarkObjects: 4.210000 ms  DeleteObjects: 0.816000 ms)

AssetImportParameters requested are different than current active one (requested -> active):
  custom:framework-win-MediaFoundation: 216162199b28c13a410421893ffa2e32 -> 
  custom:video-decoder-ogg-theora: a1e56fd34408186e4bbccfd4996cb3dc -> 
  custom:container-muxer-webm: aa71ff27fc2769a1b78a27578f13a17b -> 
  custom:container-demuxer-webm: 4f35f7cbe854078d1ac9338744f61a02 -> 
  custom:container-demuxer-ogg: 62fdf1f143b41e24485cea50d1cbac27 -> 
  custom:video-encoder-webm-vp8: eb34c28f22e8b96e1ab97ce403110664 -> 
  custom:video-codec-MediaFoundation-h265: 746d11721c4dcdbdad8f713fa42b33f4 -> 
  custom:video-decoder-webm-vp8: 9c59270c3fd7afecdb556c50c9e8de78 -> 
  custom:audio-decoder-ogg-vorbis: bf7c407c2cedff20999df2af8eb42d56 -> 
  custom:audio-encoder-webm-vorbis: bf7c407c2cedff20999df2af8eb42d56 -> 
========================================================================
Received Import Request.
  path: Assets/Standard Assets/Prototyping/Prefabs/FloorPrototype64x01x64.prefab
  artifactKey: Guid(3681543e5b0f59742b73073cb379cdc6) Importer(815301076,1909f56bfc062723c751e8b465ee728b)
Start importing Assets/Standard Assets/Prototyping/Prefabs/FloorPrototype64x01x64.prefab using Guid(3681543e5b0f59742b73073cb379cdc6) Importer(815301076,1909f56bfc062723c751e8b465ee728b)  -> (artifact id: '07b1cd80cf4c9f44fc27f406b2c2bfdf') in 0.141875 seconds 
========================================================================
Received Import Request.
  Time since last request: 0.000396 seconds.
  path: Assets/Standard Assets/Fonts/Unipix.ttf
  artifactKey: Guid(1f16052dfd5f6f54e94e97ecedd4c86b) Importer(815301076,1909f56bfc062723c751e8b465ee728b)
Start importing Assets/Standard Assets/Fonts/Unipix.ttf using Guid(1f16052dfd5f6f54e94e97ecedd4c86b) Importer(815301076,1909f56bfc062723c751e8b465ee728b)  -> (artifact id: 'f79a8ccd7d39acf42a2d95684488f7f1') in 0.060415 seconds 
========================================================================
Received Import Request.
  Time since last request: 0.000300 seconds.
  path: Assets/Standard Assets/ParticleSystems/Prefabs/FlareMobile.prefab
  artifactKey: Guid(ccbcfc705a39717429590a9f247ec30a) Importer(815301076,1909f56bfc062723c751e8b465ee728b)
Start importing Assets/Standard Assets/ParticleSystems/Prefabs/FlareMobile.prefab using Guid(ccbcfc705a39717429590a9f247ec30a) Importer(815301076,1909f56bfc062723c751e8b465ee728b)  -> (artifact id: 'c0332d6901e3f69c1dd39dd035d4279f') in 0.079445 seconds 
========================================================================
Received Import Request.
  Time since last request: 0.000293 seconds.
  path: Assets/Standard Assets/Vehicles/Aircraft/Models/AircraftFuselage.fbx
  artifactKey: Guid(4fea6053a1424d44daf193f09be2d491) Importer(815301076,1909f56bfc062723c751e8b465ee728b)
Start importing Assets/Standard Assets/Vehicles/Aircraft/Models/AircraftFuselage.fbx using Guid(4fea6053a1424d44daf193f09be2d491) Importer(815301076,1909f56bfc062723c751e8b465ee728b)  -> (artifact id: 'e1a71dc3e984f39ef8c5fb6b82caafd8') in 0.183079 seconds 
========================================================================
Received Import Request.
  Time since last request: 0.000289 seconds.
  path: Assets/Standard Assets/Environment/SpeedTree/Broadleaf/Broadleaf_Desktop.spm
  artifactKey: Guid(c91c1eb85782d5748ace27eb4d7415bb) Importer(815301076,1909f56bfc062723c751e8b465ee728b)
Start importing Assets/Standard Assets/Environment/SpeedTree/Broadleaf/Broadleaf_Desktop.spm using Guid(c91c1eb85782d5748ace27eb4d7415bb) Importer(815301076,1909f56bfc062723c751e8b465ee728b)  -> (artifact id: '409d4037187ecacfd92a7184c0eb9c5c') in 2.238325 seconds 
========================================================================
Received Import Request.
  Time since last request: 0.000239 seconds.
  path: Assets/Standard Assets/Environment/SpeedTree/Broadleaf/Broadleaf_Mobile Materials/Billboard.mat
  artifactKey: Guid(8c1755df5f552e843b9f8485f72e71f8) Importer(815301076,1909f56bfc062723c751e8b465ee728b)
Start importing Assets/Standard Assets/Environment/SpeedTree/Broadleaf/Broadleaf_Mobile Materials/Billboard.mat using Guid(8c1755df5f552e843b9f8485f72e71f8) Importer(815301076,1909f56bfc062723c751e8b465ee728b)  -> (artifact id: '1197e71756a4566dd11cc5c29ce6ccf1') in 0.034333 seconds 
========================================================================
Received Import Request.
  Time since last request: 0.000329 seconds.
  path: Assets/Standard Assets/ParticleSystems/Prefabs/Explosion.prefab
  artifactKey: Guid(031d08f52af1daa4f929b85221519426) Importer(815301076,1909f56bfc062723c751e8b465ee728b)
Start importing Assets/Standard Assets/ParticleSystems/Prefabs/Explosion.prefab using Guid(031d08f52af1daa4f929b85221519426) Importer(815301076,1909f56bfc062723c751e8b465ee728b)  -> (artifact id: 'fe784a6cfb550bd516bdcc6abf32dadf') in 0.054231 seconds 
========================================================================
Received Import Request.
  Time since last request: 0.000236 seconds.
  path: Assets/Standard Assets/Environment/SpeedTree/Broadleaf/Broadleaf_Mobile Materials/LOD1/Branches_0.mat
  artifactKey: Guid(1092dd21af768cb499771bf88709dbbd) Importer(815301076,1909f56bfc062723c751e8b465ee728b)
Start importing Assets/Standard Assets/Environment/SpeedTree/Broadleaf/Broadleaf_Mobile Materials/LOD1/Branches_0.mat using Guid(1092dd21af768cb499771bf88709dbbd) Importer(815301076,1909f56bfc062723c751e8b465ee728b)  -> (artifact id: '6d83860f492c210f86a41f5efe2b0c82') in 0.016599 seconds 
========================================================================
Received Import Request.
  Time since last request: 0.000345 seconds.
  path: Assets/Standard Assets/2D/Prefabs/CollisionSlider.prefab
  artifactKey: Guid(2a71c12ae885e4f80b5144a4652bbeb4) Importer(815301076,1909f56bfc062723c751e8b465ee728b)
Start importing Assets/Standard Assets/2D/Prefabs/CollisionSlider.prefab using Guid(2a71c12ae885e4f80b5144a4652bbeb4) Importer(815301076,1909f56bfc062723c751e8b465ee728b)  -> (artifact id: 'b6a83f31868efd127dcb6b88bb51ead5') in 0.008228 seconds 
========================================================================
Received Import Request.
  Time since last request: 0.000410 seconds.
  path: Assets/Standard Assets/Vehicles/Aircraft/Models/AircraftWingsPropeller.fbx
  artifactKey: Guid(8fb5ebe73f3784e4fab98b15f1299e76) Importer(815301076,1909f56bfc062723c751e8b465ee728b)
Start importing Assets/Standard Assets/Vehicles/Aircraft/Models/AircraftWingsPropeller.fbx using Guid(8fb5ebe73f3784e4fab98b15f1299e76) Importer(815301076,1909f56bfc062723c751e8b465ee728b)  -> (artifact id: 'e963319138056019c00196d25a592944') in 0.286103 seconds 
========================================================================
Received Import Request.
  Time since last request: 0.000342 seconds.
  path: Assets/Standard Assets/Environment/SpeedTree/Broadleaf/Broadleaf_Desktop Materials/LOD2/Branches_1.mat
  artifactKey: Guid(639aa87a96d586c4e84838574ce20ca3) Importer(815301076,1909f56bfc062723c751e8b465ee728b)
Start importing Assets/Standard Assets/Environment/SpeedTree/Broadleaf/Broadleaf_Desktop Materials/LOD2/Branches_1.mat using Guid(639aa87a96d586c4e84838574ce20ca3) Importer(815301076,1909f56bfc062723c751e8b465ee728b)  -> (artifact id: '3c455710b9aca4e4d948a1a911633e98') in 0.015458 seconds 
========================================================================
Received Import Request.
  Time since last request: 0.000330 seconds.
  path: Assets/Standard Assets/Fonts/OpenSans/OpenSansSemibold.ttf
  artifactKey: Guid(01cd679a1b9ee48bf9c546f6ce2cb97e) Importer(815301076,1909f56bfc062723c751e8b465ee728b)
Start importing Assets/Standard Assets/Fonts/OpenSans/OpenSansSemibold.ttf using Guid(01cd679a1b9ee48bf9c546f6ce2cb97e) Importer(815301076,1909f56bfc062723c751e8b465ee728b)  -> (artifact id: '2fb0b7e5f926a74051a930181831db1a') in 0.020827 seconds 
========================================================================
Received Import Request.
  Time since last request: 0.000345 seconds.
  path: Assets/Standard Assets/Environment/SpeedTree/Broadleaf/Broadleaf_Desktop Materials/LOD1/Fronds_2.mat
  artifactKey: Guid(57225f817366f704fb9b710e3865030d) Importer(815301076,1909f56bfc062723c751e8b465ee728b)
Start importing Assets/Standard Assets/Environment/SpeedTree/Broadleaf/Broadleaf_Desktop Materials/LOD1/Fronds_2.mat using Guid(57225f817366f704fb9b710e3865030d) Importer(815301076,1909f56bfc062723c751e8b465ee728b)  -> (artifact id: 'd6a5e69d7e5f002816cf45f984eb1184') in 0.016649 seconds 
========================================================================
Received Import Request.
  Time since last request: 0.000461 seconds.
  path: Assets/Standard Assets/Prototyping/Models/PlatformPrototype02x01x02.fbx
  artifactKey: Guid(38a9d3cc5c1e0aa4f92ff3445b73ed7f) Importer(815301076,1909f56bfc062723c751e8b465ee728b)
Start importing Assets/Standard Assets/Prototyping/Models/PlatformPrototype02x01x02.fbx using Guid(38a9d3cc5c1e0aa4f92ff3445b73ed7f) Importer(815301076,1909f56bfc062723c751e8b465ee728b)  -> (artifact id: 'a1067b3b41b8ee3574c278d511b284f3') in 0.025444 seconds 
========================================================================
Received Import Request.
  Time since last request: 0.000405 seconds.
  path: Assets/Standard Assets/Environment/SpeedTree/Palm/Palm_Desktop Materials/LOD2/Branches_0.mat
  artifactKey: Guid(5c6bda52f548c164381f24c22067e446) Importer(815301076,1909f56bfc062723c751e8b465ee728b)
Start importing Assets/Standard Assets/Environment/SpeedTree/Palm/Palm_Desktop Materials/LOD2/Branches_0.mat using Guid(5c6bda52f548c164381f24c22067e446) Importer(815301076,1909f56bfc062723c751e8b465ee728b)  -> (artifact id: '96b6c26197bb26fe0d1b3cabdfa536ca') in 0.024813 seconds 
========================================================================
Received Import Request.
  Time since last request: 0.000317 seconds.
  path: Assets/Standard Assets/Effects/Projectors/Prefabs/GridProjector.prefab
  artifactKey: Guid(46b12845355544642bf8f9d0cb373af7) Importer(815301076,1909f56bfc062723c751e8b465ee728b)
Start importing Assets/Standard Assets/Effects/Projectors/Prefabs/GridProjector.prefab using Guid(46b12845355544642bf8f9d0cb373af7) Importer(815301076,1909f56bfc062723c751e8b465ee728b)  -> (artifact id: '0096fb0163c3d1f59485d07444aba2cf') in 0.007910 seconds 
========================================================================
Received Import Request.
  Time since last request: 0.000302 seconds.
  path: Assets/Standard Assets/Characters/ThirdPersonCharacter/Animation/HumanoidWalk.fbx
  artifactKey: Guid(b1a5e04ae51004842aba06704a6c2903) Importer(815301076,1909f56bfc062723c751e8b465ee728b)
Start importing Assets/Standard Assets/Characters/ThirdPersonCharacter/Animation/HumanoidWalk.fbx using Guid(b1a5e04ae51004842aba06704a6c2903) Importer(815301076,1909f56bfc062723c751e8b465ee728b)  -> (artifact id: '3e33e3ef1a99d948178ae42610a356ba') in 0.017739 seconds 
========================================================================
Received Import Request.
  Time since last request: 0.000594 seconds.
  path: Assets/Standard Assets/Prototyping/Prefabs/CubePrototype08x08x08.prefab
  artifactKey: Guid(90d8e09703679534295bd2cacb73d6de) Importer(815301076,1909f56bfc062723c751e8b465ee728b)
Start importing Assets/Standard Assets/Prototyping/Prefabs/CubePrototype08x08x08.prefab using Guid(90d8e09703679534295bd2cacb73d6de) Importer(815301076,1909f56bfc062723c751e8b465ee728b)  -> (artifact id: 'e35edde68385459d8959eec48621b234') in 0.019397 seconds 
========================================================================
Received Import Request.
  Time since last request: 0.000364 seconds.
  path: Assets/Standard Assets/Environment/SpeedTree/Broadleaf/Broadleaf_Desktop Materials/LOD0/Branches_1.mat
  artifactKey: Guid(e621ee108fde15148a5e4b4ab67667b9) Importer(815301076,1909f56bfc062723c751e8b465ee728b)
Start importing Assets/Standard Assets/Environment/SpeedTree/Broadleaf/Broadleaf_Desktop Materials/LOD0/Branches_1.mat using Guid(e621ee108fde15148a5e4b4ab67667b9) Importer(815301076,1909f56bfc062723c751e8b465ee728b)  -> (artifact id: '629f331605420e1cc16802981911fc2e') in 0.013559 seconds 
========================================================================
Received Import Request.
  Time since last request: 0.000300 seconds.
  path: Assets/Standard Assets/Vehicles/Car/Prefabs/CarWaypointBased.prefab
  artifactKey: Guid(0fb4610dba67fc24cb2a6674fb155fc1) Importer(815301076,1909f56bfc062723c751e8b465ee728b)
Start importing Assets/Standard Assets/Vehicles/Car/Prefabs/CarWaypointBased.prefab using Guid(0fb4610dba67fc24cb2a6674fb155fc1) Importer(815301076,1909f56bfc062723c751e8b465ee728b)  -> (artifact id: '225f541a523732d806b0a7f00402f5df') in 0.328321 seconds 
========================================================================
Received Import Request.
  Time since last request: 0.000337 seconds.
  path: Assets/Standard Assets/Characters/ThirdPersonCharacter/Animation/HumanoidRun.fbx
  artifactKey: Guid(1cb8ed3cbba15f0479fbae54e0a963df) Importer(815301076,1909f56bfc062723c751e8b465ee728b)
Start importing Assets/Standard Assets/Characters/ThirdPersonCharacter/Animation/HumanoidRun.fbx using Guid(1cb8ed3cbba15f0479fbae54e0a963df) Importer(815301076,1909f56bfc062723c751e8b465ee728b)  -> (artifact id: 'e7cb4354966e68444250fd81ccf49722') in 0.015108 seconds 
========================================================================
Received Import Request.
  Time since last request: 0.000328 seconds.
  path: Assets/Standard Assets/Prototyping/Prefabs/CubePrototype04x04x04.prefab
  artifactKey: Guid(5d2e4237b4429b34fae4c9eb3cd9efd5) Importer(815301076,1909f56bfc062723c751e8b465ee728b)
Start importing Assets/Standard Assets/Prototyping/Prefabs/CubePrototype04x04x04.prefab using Guid(5d2e4237b4429b34fae4c9eb3cd9efd5) Importer(815301076,1909f56bfc062723c751e8b465ee728b)  -> (artifact id: '04f79f94703819efde567dbbecb81b5f') in 0.017046 seconds 
========================================================================
Received Import Request.
  Time since last request: 0.000498 seconds.
  path: Assets/SampleScenes/Prefabs/GroundArena.prefab
  artifactKey: Guid(2799e6cfaf283a84e883ca79ffce608e) Importer(815301076,1909f56bfc062723c751e8b465ee728b)
Start importing Assets/SampleScenes/Prefabs/GroundArena.prefab using Guid(2799e6cfaf283a84e883ca79ffce608e) Importer(815301076,1909f56bfc062723c751e8b465ee728b)  -> (artifact id: 'be0c7733ecd7828a8dfec1a63b020f1b') in 0.030013 seconds 
========================================================================
Received Import Request.
  Time since last request: 0.000434 seconds.
  path: Assets/Standard Assets/Prototyping/Models/PillarPrototype02x08x02.fbx
  artifactKey: Guid(66a13889798137c498eae4b3acdafe19) Importer(815301076,1909f56bfc062723c751e8b465ee728b)
Start importing Assets/Standard Assets/Prototyping/Models/PillarPrototype02x08x02.fbx using Guid(66a13889798137c498eae4b3acdafe19) Importer(815301076,1909f56bfc062723c751e8b465ee728b)  -> (artifact id: '49748aefa087b3882aa81cfbe6230a1a') in 0.023257 seconds 
========================================================================
Received Import Request.
  Time since last request: 0.000448 seconds.
  path: Assets/Standard Assets/Environment/SpeedTree/Palm/Palm_Desktop Materials/LOD0/Branches_0.mat
  artifactKey: Guid(39baceec69bb1ee4fb4194d50e1a6d10) Importer(815301076,1909f56bfc062723c751e8b465ee728b)
Start importing Assets/Standard Assets/Environment/SpeedTree/Palm/Palm_Desktop Materials/LOD0/Branches_0.mat using Guid(39baceec69bb1ee4fb4194d50e1a6d10) Importer(815301076,1909f56bfc062723c751e8b465ee728b)  -> (artifact id: 'e45f431cfe11bb16a634c9aee3536f22') in 0.015033 seconds 
========================================================================
Received Import Request.
  Time since last request: 0.000521 seconds.
  path: Assets/SampleScenes/Prefabs/Box.prefab
  artifactKey: Guid(d29ba28bd5caaed429838de8bac7be72) Importer(815301076,1909f56bfc062723c751e8b465ee728b)
Start importing Assets/SampleScenes/Prefabs/Box.prefab using Guid(d29ba28bd5caaed429838de8bac7be72) Importer(815301076,1909f56bfc062723c751e8b465ee728b)  -> (artifact id: '7dcfc081c548156e0940111a4fb8d6d5') in 0.019390 seconds 
========================================================================
Received Import Request.
  Time since last request: 0.000465 seconds.
  path: Assets/Standard Assets/ParticleSystems/Prefabs/DustStorm.prefab
  artifactKey: Guid(1f7aa4d40edff6e48b549003cad031e1) Importer(815301076,1909f56bfc062723c751e8b465ee728b)
Start importing Assets/Standard Assets/ParticleSystems/Prefabs/DustStorm.prefab using Guid(1f7aa4d40edff6e48b549003cad031e1) Importer(815301076,1909f56bfc062723c751e8b465ee728b)  -> (artifact id: 'dfe1ae446f819181944b3697743b1502') in 0.045562 seconds 
========================================================================
Received Import Request.
  Time since last request: 0.000271 seconds.
  path: Assets/Standard Assets/Characters/ThirdPersonCharacter/Models/Ethan.fbx
  artifactKey: Guid(b235179bd2a63d1468dd430670338c55) Importer(815301076,1909f56bfc062723c751e8b465ee728b)
Start importing Assets/Standard Assets/Characters/ThirdPersonCharacter/Models/Ethan.fbx using Guid(b235179bd2a63d1468dd430670338c55) Importer(815301076,1909f56bfc062723c751e8b465ee728b)  -> (artifact id: '69bf6d4eb10c491963586ccac5157301') in 0.112200 seconds 
========================================================================
Received Import Request.
  Time since last request: 0.000374 seconds.
  path: Assets/Standard Assets/Environment/SpeedTree/Broadleaf/Broadleaf_Desktop Materials/LOD1/Branches_1.mat
  artifactKey: Guid(97ad51f0a4aed0a4289f5462ce6dc18f) Importer(815301076,1909f56bfc062723c751e8b465ee728b)
Start importing Assets/Standard Assets/Environment/SpeedTree/Broadleaf/Broadleaf_Desktop Materials/LOD1/Branches_1.mat using Guid(97ad51f0a4aed0a4289f5462ce6dc18f) Importer(815301076,1909f56bfc062723c751e8b465ee728b)  -> (artifact id: 'f79769637b9adeb89d21eda7e115e2dd') in 0.017578 seconds 
========================================================================
Received Import Request.
  Time since last request: 0.000423 seconds.
  path: Assets/Standard Assets/Environment/SpeedTree/Broadleaf/Broadleaf_Mobile.spm
  artifactKey: Guid(6aab193b7693b5e4c9741f1917d2987c) Importer(815301076,1909f56bfc062723c751e8b465ee728b)
Start importing Assets/Standard Assets/Environment/SpeedTree/Broadleaf/Broadleaf_Mobile.spm using Guid(6aab193b7693b5e4c9741f1917d2987c) Importer(815301076,1909f56bfc062723c751e8b465ee728b)  -> (artifact id: '116565368732bc92530d1609069b9caa') in 0.087901 seconds 
========================================================================
Received Import Request.
  Time since last request: 0.000249 seconds.
  path: Assets/Standard Assets/Characters/ThirdPersonCharacter/Animation/HumanoidIdleJumpUp.fbx
  artifactKey: Guid(0d9d26e2162aa4d11ab075b34c029673) Importer(815301076,1909f56bfc062723c751e8b465ee728b)
Start importing Assets/Standard Assets/Characters/ThirdPersonCharacter/Animation/HumanoidIdleJumpUp.fbx using Guid(0d9d26e2162aa4d11ab075b34c029673) Importer(815301076,1909f56bfc062723c751e8b465ee728b)  -> (artifact id: 'd95869ce1df0ec8ce6b91d064b1ffe23') in 0.019968 seconds 
========================================================================
Received Import Request.
  Time since last request: 0.000434 seconds.
  path: Assets/SampleScenes/Menu/Prefabs/EventSystem.prefab
  artifactKey: Guid(af6c1d82d375aa54c81180d14d62761e) Importer(815301076,1909f56bfc062723c751e8b465ee728b)
Start importing Assets/SampleScenes/Menu/Prefabs/EventSystem.prefab using Guid(af6c1d82d375aa54c81180d14d62761e) Importer(815301076,1909f56bfc062723c751e8b465ee728b)  -> (artifact id: '85a545d6e9d3f45dc2fff7d252e09a88') in 0.013068 seconds 
========================================================================
Received Import Request.
  Time since last request: 0.000414 seconds.
  path: Assets/Standard Assets/Prototyping/Models/JoinMidPrototype04x06x01.fbx
  artifactKey: Guid(40384240c1c82b94db82531689571ab0) Importer(815301076,1909f56bfc062723c751e8b465ee728b)
Start importing Assets/Standard Assets/Prototyping/Models/JoinMidPrototype04x06x01.fbx using Guid(40384240c1c82b94db82531689571ab0) Importer(815301076,1909f56bfc062723c751e8b465ee728b)  -> (artifact id: '468478be908c6deb45478c5fc309d91e') in 0.025806 seconds 
========================================================================
Received Import Request.
  Time since last request: 0.000416 seconds.
  path: Assets/Standard Assets/Characters/ThirdPersonCharacter/Animation/HumanoidWalkTurn.fbx
  artifactKey: Guid(1c52c953c83c2254a9fa72d50250f028) Importer(815301076,1909f56bfc062723c751e8b465ee728b)
Start importing Assets/Standard Assets/Characters/ThirdPersonCharacter/Animation/HumanoidWalkTurn.fbx using Guid(1c52c953c83c2254a9fa72d50250f028) Importer(815301076,1909f56bfc062723c751e8b465ee728b)  -> (artifact id: '32b6f974872e7041d0b1bab991e23695') in 0.016763 seconds 
========================================================================
Received Import Request.
  Time since last request: 0.000349 seconds.
  path: Assets/Standard Assets/Environment/SpeedTree/Broadleaf/Broadleaf_Desktop Materials/LOD2/FacingLeaves_4.mat
  artifactKey: Guid(d5222114580affc49a2af92470232e23) Importer(815301076,1909f56bfc062723c751e8b465ee728b)
Start importing Assets/Standard Assets/Environment/SpeedTree/Broadleaf/Broadleaf_Desktop Materials/LOD2/FacingLeaves_4.mat using Guid(d5222114580affc49a2af92470232e23) Importer(815301076,1909f56bfc062723c751e8b465ee728b)  -> (artifact id: '7deeda4527bd7a5e4a8a8a406bbb3a99') in 0.018002 seconds 
========================================================================
Received Import Request.
  Time since last request: 0.000602 seconds.
  path: Assets/Standard Assets/Environment/SpeedTree/Conifer/Conifer_Desktop Materials/LOD2/Branches_0.mat
  artifactKey: Guid(dffa6c1325fd30b41819f03be58b91e7) Importer(815301076,1909f56bfc062723c751e8b465ee728b)
Start importing Assets/Standard Assets/Environment/SpeedTree/Conifer/Conifer_Desktop Materials/LOD2/Branches_0.mat using Guid(dffa6c1325fd30b41819f03be58b91e7) Importer(815301076,1909f56bfc062723c751e8b465ee728b)  -> (artifact id: '58db0bf18c7ba7b4ef15741ac21ad027') in 0.017194 seconds 
========================================================================
Received Import Request.
  Time since last request: 0.000389 seconds.
  path: Assets/Standard Assets/Characters/ThirdPersonCharacter/Animation/HumanoidCrouch.fbx
  artifactKey: Guid(d89ea37480b6d75458aa38843e9688dc) Importer(815301076,1909f56bfc062723c751e8b465ee728b)
Start importing Assets/Standard Assets/Characters/ThirdPersonCharacter/Animation/HumanoidCrouch.fbx using Guid(d89ea37480b6d75458aa38843e9688dc) Importer(815301076,1909f56bfc062723c751e8b465ee728b)  -> (artifact id: '39b5d88f9f7047c023e575d1b640165b') in 0.024316 seconds 
========================================================================
Received Import Request.
  Time since last request: 0.000331 seconds.
  path: Assets/SampleScenes/Models/GroundTrack.fbx
  artifactKey: Guid(2afa5a1773ca1f84f98c062866a8be55) Importer(815301076,1909f56bfc062723c751e8b465ee728b)
Start importing Assets/SampleScenes/Models/GroundTrack.fbx using Guid(2afa5a1773ca1f84f98c062866a8be55) Importer(815301076,1909f56bfc062723c751e8b465ee728b)  -> (artifact id: 'd6b6538552d01163c098f90dc6cfbe20') in 0.058959 seconds 
========================================================================
Received Import Request.
  Time since last request: 0.000290 seconds.
  path: Assets/Standard Assets/Environment/SpeedTree/Broadleaf/Broadleaf_Desktop Materials/LOD0/Branches_0.mat
  artifactKey: Guid(89bc4a04979629642988a379a429608a) Importer(815301076,1909f56bfc062723c751e8b465ee728b)
Start importing Assets/Standard Assets/Environment/SpeedTree/Broadleaf/Broadleaf_Desktop Materials/LOD0/Branches_0.mat using Guid(89bc4a04979629642988a379a429608a) Importer(815301076,1909f56bfc062723c751e8b465ee728b)  -> (artifact id: '1197282d4f0848c289f934b2a35371f9') in 0.015586 seconds 
========================================================================
Received Import Request.
  Time since last request: 0.000350 seconds.
  path: Assets/Standard Assets/Effects/LightFlares/Materials/Flare50mm.mat
  artifactKey: Guid(a6dbb96b9d112024d000e929e39e7c39) Importer(815301076,1909f56bfc062723c751e8b465ee728b)
Start importing Assets/Standard Assets/Effects/LightFlares/Materials/Flare50mm.mat using Guid(a6dbb96b9d112024d000e929e39e7c39) Importer(815301076,1909f56bfc062723c751e8b465ee728b)  -> (artifact id: 'd3af5293c6c008d5847bbe29f1032697') in 0.043008 seconds 
========================================================================
Received Import Request.
  Time since last request: 0.000245 seconds.
  path: Assets/Standard Assets/ParticleSystems/Prefabs/FireComplex.prefab
  artifactKey: Guid(bf495eacf58e31146ab012aa89ac68da) Importer(815301076,1909f56bfc062723c751e8b465ee728b)
Start importing Assets/Standard Assets/ParticleSystems/Prefabs/FireComplex.prefab using Guid(bf495eacf58e31146ab012aa89ac68da) Importer(815301076,1909f56bfc062723c751e8b465ee728b)  -> (artifact id: '89cf359409e67f7f64f1c6f6f260929c') in 0.066644 seconds 
========================================================================
Received Import Request.
  Time since last request: 0.000250 seconds.
  path: Assets/Standard Assets/Prototyping/Models/CubePrototype02x02x02.fbx
  artifactKey: Guid(df4796b594b970842b69211cb0078c5d) Importer(815301076,1909f56bfc062723c751e8b465ee728b)
Start importing Assets/Standard Assets/Prototyping/Models/CubePrototype02x02x02.fbx using Guid(df4796b594b970842b69211cb0078c5d) Importer(815301076,1909f56bfc062723c751e8b465ee728b)  -> (artifact id: '21c24df83460fa54375ce7b6cf960e78') in 0.029076 seconds 
========================================================================
Received Import Request.
  Time since last request: 0.000300 seconds.
  path: Assets/Standard Assets/Environment/SpeedTree/Palm/Palm_Desktop Materials/LOD0/Branches_1.mat
  artifactKey: Guid(fa40ba727cdc90245aac11f0ff5ead8e) Importer(815301076,1909f56bfc062723c751e8b465ee728b)
Start importing Assets/Standard Assets/Environment/SpeedTree/Palm/Palm_Desktop Materials/LOD0/Branches_1.mat using Guid(fa40ba727cdc90245aac11f0ff5ead8e) Importer(815301076,1909f56bfc062723c751e8b465ee728b)  -> (artifact id: '18933bea8be805ffe592683edb7b8f06') in 0.017779 seconds 
========================================================================
Received Import Request.
  Time since last request: 0.000296 seconds.
  path: Assets/Standard Assets/Characters/ThirdPersonCharacter/Animation/HumanoidWalkTurnSharp.fbx
  artifactKey: Guid(bb141fc9a700c9c4ca7e6dadb8acf24b) Importer(815301076,1909f56bfc062723c751e8b465ee728b)
Start importing Assets/Standard Assets/Characters/ThirdPersonCharacter/Animation/HumanoidWalkTurnSharp.fbx using Guid(bb141fc9a700c9c4ca7e6dadb8acf24b) Importer(815301076,1909f56bfc062723c751e8b465ee728b)  -> (artifact id: '6e988b07d70faf87c86beee4b8483c01') in 0.017638 seconds 
========================================================================
Received Import Request.
  Time since last request: 0.000530 seconds.
  path: Assets/SampleScenes/Models/Pickup.fbx
  artifactKey: Guid(959be6347b65b7a4c9baa6bc323541fd) Importer(815301076,1909f56bfc062723c751e8b465ee728b)
Start importing Assets/SampleScenes/Models/Pickup.fbx using Guid(959be6347b65b7a4c9baa6bc323541fd) Importer(815301076,1909f56bfc062723c751e8b465ee728b)  -> (artifact id: '7285d0b936c0a61030ed3e15396c87a5') in 0.023060 seconds 
========================================================================
Received Import Request.
  Time since last request: 0.000360 seconds.
  path: Assets/Standard Assets/Environment/SpeedTree/Conifer/Conifer_Desktop Materials/LOD0/Branches_0.mat
  artifactKey: Guid(d4880c932a8e12b48a3039233e9634a0) Importer(815301076,1909f56bfc062723c751e8b465ee728b)
Start importing Assets/Standard Assets/Environment/SpeedTree/Conifer/Conifer_Desktop Materials/LOD0/Branches_0.mat using Guid(d4880c932a8e12b48a3039233e9634a0) Importer(815301076,1909f56bfc062723c751e8b465ee728b)  -> (artifact id: 'eacdc4bd62334ba2ac1d32f020e2dfb2') in 0.016182 seconds 
========================================================================
Received Import Request.
  Time since last request: 0.000453 seconds.
  path: Assets/Standard Assets/Prototyping/Models/FloorPrototype08x01x08.fbx
  artifactKey: Guid(16fb769c0394c36469ed40a4f35c1eec) Importer(815301076,1909f56bfc062723c751e8b465ee728b)
Start importing Assets/Standard Assets/Prototyping/Models/FloorPrototype08x01x08.fbx using Guid(16fb769c0394c36469ed40a4f35c1eec) Importer(815301076,1909f56bfc062723c751e8b465ee728b)  -> (artifact id: '776d2f741a91dd421b5e77140cf2cf12') in 0.023426 seconds 
========================================================================
Received Import Request.
  Time since last request: 0.000528 seconds.
  path: Assets/Standard Assets/Environment/SpeedTree/Conifer/Conifer_Desktop Materials/Billboard.mat
  artifactKey: Guid(e625f56663597ef4899f86b588b4d506) Importer(815301076,1909f56bfc062723c751e8b465ee728b)
Start importing Assets/Standard Assets/Environment/SpeedTree/Conifer/Conifer_Desktop Materials/Billboard.mat using Guid(e625f56663597ef4899f86b588b4d506) Importer(815301076,1909f56bfc062723c751e8b465ee728b)  -> (artifact id: '25038592aac97b4fa781cb0cc8dd2a4f') in 0.020561 seconds 
========================================================================
Received Import Request.
  Time since last request: 0.000467 seconds.
  path: Assets/Standard Assets/Vehicles/Aircraft/Prefabs/AircraftJetAI.prefab
  artifactKey: Guid(6f7604981ce4c064cbe5284c437c5699) Importer(815301076,1909f56bfc062723c751e8b465ee728b)
Start importing Assets/Standard Assets/Vehicles/Aircraft/Prefabs/AircraftJetAI.prefab using Guid(6f7604981ce4c064cbe5284c437c5699) Importer(815301076,1909f56bfc062723c751e8b465ee728b)  -> (artifact id: '7a68b9799b1567b0ea89f3768783fbfb') in 0.185852 seconds 
========================================================================
Received Import Request.
  Time since last request: 0.000355 seconds.
  path: Assets/Standard Assets/CrossPlatformInput/Prefabs/DualTouchControls.prefab
  artifactKey: Guid(2169821f0567671499a5c10104c69c24) Importer(815301076,1909f56bfc062723c751e8b465ee728b)
Start importing Assets/Standard Assets/CrossPlatformInput/Prefabs/DualTouchControls.prefab using Guid(2169821f0567671499a5c10104c69c24) Importer(815301076,1909f56bfc062723c751e8b465ee728b)  -> (artifact id: '81543fc82716febe0102de49dfe0a993') in 0.035930 seconds 
========================================================================
Received Import Request.
  Time since last request: 0.000307 seconds.
  path: Assets/Standard Assets/Environment/SpeedTree/Conifer/Conifer_Desktop Materials/LOD1/Branches_1.mat
  artifactKey: Guid(fecc9f713338e4943a8c38775af8c046) Importer(815301076,1909f56bfc062723c751e8b465ee728b)
Start importing Assets/Standard Assets/Environment/SpeedTree/Conifer/Conifer_Desktop Materials/LOD1/Branches_1.mat using Guid(fecc9f713338e4943a8c38775af8c046) Importer(815301076,1909f56bfc062723c751e8b465ee728b)  -> (artifact id: '001e9fa4bb96fe5ee5f0bf2b534fcab1') in 0.015911 seconds 
========================================================================
Received Import Request.
  Time since last request: 0.000554 seconds.
  path: Assets/Standard Assets/Prototyping/Prefabs/BlockPrototype04x04x04.prefab
  artifactKey: Guid(ab33e6080ae416b4d899f39fa8951b98) Importer(815301076,1909f56bfc062723c751e8b465ee728b)
Start importing Assets/Standard Assets/Prototyping/Prefabs/BlockPrototype04x04x04.prefab using Guid(ab33e6080ae416b4d899f39fa8951b98) Importer(815301076,1909f56bfc062723c751e8b465ee728b)  -> (artifact id: 'cf5b0cd8198bbf6445da70cdc935c7e1') in 0.017702 seconds 
========================================================================
Received Import Request.
  Time since last request: 0.000411 seconds.
  path: Assets/Standard Assets/Vehicles/Aircraft/Prefabs/AircraftPropellerAi.prefab
  artifactKey: Guid(cd707c1f484f43249bab272ac76a0174) Importer(815301076,1909f56bfc062723c751e8b465ee728b)
Start importing Assets/Standard Assets/Vehicles/Aircraft/Prefabs/AircraftPropellerAi.prefab using Guid(cd707c1f484f43249bab272ac76a0174) Importer(815301076,1909f56bfc062723c751e8b465ee728b)  -> (artifact id: 'f9f75e0bd00529ca6ab2235508da0a33') in 0.105427 seconds 
========================================================================
Received Import Request.
  Time since last request: 0.000348 seconds.
  path: Assets/SampleScenes/Models/MiniRamps.fbx
  artifactKey: Guid(b87e14348acae3449a86167ae5521ac4) Importer(815301076,1909f56bfc062723c751e8b465ee728b)
Start importing Assets/SampleScenes/Models/MiniRamps.fbx using Guid(b87e14348acae3449a86167ae5521ac4) Importer(815301076,1909f56bfc062723c751e8b465ee728b)  -> (artifact id: '35445709c1fcca8a63d7bae18917a401') in 0.025783 seconds 
========================================================================
Received Import Request.
  Time since last request: 0.000543 seconds.
  path: Assets/Standard Assets/2D/Prefabs/CratePink.prefab
  artifactKey: Guid(18fcd494ab71841d695135246693eb3a) Importer(815301076,1909f56bfc062723c751e8b465ee728b)
Start importing Assets/Standard Assets/2D/Prefabs/CratePink.prefab using Guid(18fcd494ab71841d695135246693eb3a) Importer(815301076,1909f56bfc062723c751e8b465ee728b)  -> (artifact id: '5970a316cc3b2f8eb0c00b0458a4322d') in 0.053312 seconds 
========================================================================
Received Import Request.
  Time since last request: 0.000290 seconds.
  path: Assets/Standard Assets/Vehicles/Aircraft/Prefabs/AircraftJet.prefab
  artifactKey: Guid(147d826ca4c5a834a9dfe5db390c47f4) Importer(815301076,1909f56bfc062723c751e8b465ee728b)
Start importing Assets/Standard Assets/Vehicles/Aircraft/Prefabs/AircraftJet.prefab using Guid(147d826ca4c5a834a9dfe5db390c47f4) Importer(815301076,1909f56bfc062723c751e8b465ee728b)  -> (artifact id: 'c3daefa70451cbc30a7f4a93d1758a4c') in 0.101018 seconds 
========================================================================
Received Import Request.
  Time since last request: 0.000269 seconds.
  path: Assets/SampleScenes/Models/Platform.fbx
  artifactKey: Guid(41807bb6e4134a34aaf92fbad2e07bbc) Importer(815301076,1909f56bfc062723c751e8b465ee728b)
Start importing Assets/SampleScenes/Models/Platform.fbx using Guid(41807bb6e4134a34aaf92fbad2e07bbc) Importer(815301076,1909f56bfc062723c751e8b465ee728b)  -> (artifact id: 'a2b5b4002e3f3fc53db448acc071e5ad') in 0.020693 seconds 
========================================================================
Received Import Request.
  Time since last request: 0.000365 seconds.
  path: Assets/Standard Assets/Prototyping/Prefabs/FloorPrototype04x01x04.prefab
  artifactKey: Guid(4620f3c93dca8c94c9124d8ba443f43e) Importer(815301076,1909f56bfc062723c751e8b465ee728b)
Start importing Assets/Standard Assets/Prototyping/Prefabs/FloorPrototype04x01x04.prefab using Guid(4620f3c93dca8c94c9124d8ba443f43e) Importer(815301076,1909f56bfc062723c751e8b465ee728b)  -> (artifact id: '1ba74ec1cc170c5e68b8762c652cad42') in 0.025169 seconds 
========================================================================
Received Import Request.
  Time since last request: 0.000372 seconds.
  path: Assets/SampleScenes/Prefabs/BoxPile.prefab
  artifactKey: Guid(ff3366103894bec429eeaa9b86b595e6) Importer(815301076,1909f56bfc062723c751e8b465ee728b)
Start importing Assets/SampleScenes/Prefabs/BoxPile.prefab using Guid(ff3366103894bec429eeaa9b86b595e6) Importer(815301076,1909f56bfc062723c751e8b465ee728b)  -> (artifact id: '3e0e6ffca83eb29b30435fad1d79b4fa') in 0.017316 seconds 
========================================================================
Received Import Request.
  Time since last request: 0.000437 seconds.
  path: Assets/Standard Assets/Cameras/Prefabs/CctvCamera.prefab
  artifactKey: Guid(851d11542d51c464e89acf6875599172) Importer(815301076,1909f56bfc062723c751e8b465ee728b)
Start importing Assets/Standard Assets/Cameras/Prefabs/CctvCamera.prefab using Guid(851d11542d51c464e89acf6875599172) Importer(815301076,1909f56bfc062723c751e8b465ee728b)  -> (artifact id: '1efb7c2ec822cbc813599ed0cb200bf0') in 0.009357 seconds 
========================================================================
Received Import Request.
  Time since last request: 0.000350 seconds.
  path: Assets/Standard Assets/Prototyping/Models/CubePrototype08x08x08.fbx
  artifactKey: Guid(c09052c9b19f0ea4987bc4f4f981252f) Importer(815301076,1909f56bfc062723c751e8b465ee728b)
Start importing Assets/Standard Assets/Prototyping/Models/CubePrototype08x08x08.fbx using Guid(c09052c9b19f0ea4987bc4f4f981252f) Importer(815301076,1909f56bfc062723c751e8b465ee728b)  -> (artifact id: '34629c9469320c65dcd91b2be51b19df') in 0.025445 seconds 
========================================================================
Received Import Request.
  Time since last request: 0.000466 seconds.
  path: Assets/Standard Assets/Environment/SpeedTree/Conifer/Conifer_Desktop Materials/LOD0/Branches_1.mat
  artifactKey: Guid(fdb77c3917027234db7a7792019eda2e) Importer(815301076,1909f56bfc062723c751e8b465ee728b)
Start importing Assets/Standard Assets/Environment/SpeedTree/Conifer/Conifer_Desktop Materials/LOD0/Branches_1.mat using Guid(fdb77c3917027234db7a7792019eda2e) Importer(815301076,1909f56bfc062723c751e8b465ee728b)  -> (artifact id: '760de39cc3577640ddda3371f253f68a') in 0.014561 seconds 
========================================================================
Received Import Request.
  Time since last request: 0.000443 seconds.
  path: Assets/Standard Assets/2D/Prefabs/ExtentsRight.prefab
  artifactKey: Guid(b241b59d6a89aff4fbf0bce77e644761) Importer(815301076,1909f56bfc062723c751e8b465ee728b)
Start importing Assets/Standard Assets/2D/Prefabs/ExtentsRight.prefab using Guid(b241b59d6a89aff4fbf0bce77e644761) Importer(815301076,1909f56bfc062723c751e8b465ee728b)  -> (artifact id: '37aa518fd34e3327e7a027e60f89f817') in 0.044642 seconds 
========================================================================
Received Import Request.
  Time since last request: 0.000397 seconds.
  path: Assets/Standard Assets/Environment/SpeedTree/Conifer/Conifer_Desktop.spm
  artifactKey: Guid(469edab27ab6d004d84af2c4a851bd7f) Importer(815301076,1909f56bfc062723c751e8b465ee728b)
Start importing Assets/Standard Assets/Environment/SpeedTree/Conifer/Conifer_Desktop.spm using Guid(469edab27ab6d004d84af2c4a851bd7f) Importer(815301076,1909f56bfc062723c751e8b465ee728b)  -> (artifact id: '566a2dcc95b7ee489b2665b6145aa455') in 0.085911 seconds 
========================================================================
Received Import Request.
  Time since last request: 0.000280 seconds.
  path: Assets/Standard Assets/Environment/SpeedTree/Broadleaf/Broadleaf_Desktop Materials/LOD1/FacingLeaves_4.mat
  artifactKey: Guid(9938463bcd729fe41b4937cb6d2d692b) Importer(815301076,1909f56bfc062723c751e8b465ee728b)
Start importing Assets/Standard Assets/Environment/SpeedTree/Broadleaf/Broadleaf_Desktop Materials/LOD1/FacingLeaves_4.mat using Guid(9938463bcd729fe41b4937cb6d2d692b) Importer(815301076,1909f56bfc062723c751e8b465ee728b)  -> (artifact id: '3a24586bbd83d14912f473e005671e77') in 0.016745 seconds 
========================================================================
Received Import Request.
  Time since last request: 0.000437 seconds.
  path: Assets/Standard Assets/Effects/Projectors/Prefabs/BlobShadowProjector.prefab
  artifactKey: Guid(28a5e79925e3ce04a82856c16a572cbe) Importer(815301076,1909f56bfc062723c751e8b465ee728b)
Start importing Assets/Standard Assets/Effects/Projectors/Prefabs/BlobShadowProjector.prefab using Guid(28a5e79925e3ce04a82856c16a572cbe) Importer(815301076,1909f56bfc062723c751e8b465ee728b)  -> (artifact id: '8bc6b4c79310518a272c3000e9078cef') in 0.009366 seconds 
========================================================================
Received Import Request.
  Time since last request: 0.000320 seconds.
  path: Assets/Standard Assets/Fonts/OpenSans/OpenSansRegular.ttf
  artifactKey: Guid(b51a3e520f9164da198dc59c8acfccd6) Importer(815301076,1909f56bfc062723c751e8b465ee728b)
Start importing Assets/Standard Assets/Fonts/OpenSans/OpenSansRegular.ttf using Guid(b51a3e520f9164da198dc59c8acfccd6) Importer(815301076,1909f56bfc062723c751e8b465ee728b)  -> (artifact id: '7ea5a707462cf2fefcd02f5055c2f5dd') in 0.018766 seconds 
========================================================================
Received Import Request.
  Time since last request: 0.000388 seconds.
  path: Assets/Standard Assets/Cameras/Prefabs/FreeLookCameraRig.prefab
  artifactKey: Guid(49a0e923d39ec3c4c8bb97699e2f2903) Importer(815301076,1909f56bfc062723c751e8b465ee728b)
Start importing Assets/Standard Assets/Cameras/Prefabs/FreeLookCameraRig.prefab using Guid(49a0e923d39ec3c4c8bb97699e2f2903) Importer(815301076,1909f56bfc062723c751e8b465ee728b)  -> (artifact id: '255c64b4fb296cc217d9925b3795e275') in 0.008476 seconds 
========================================================================
Received Import Request.
  Time since last request: 0.000397 seconds.
  path: Assets/SampleScenes/Models/LaserBolt.fbx
  artifactKey: Guid(ee3f0b52fe10f194fb33c1423defa973) Importer(815301076,1909f56bfc062723c751e8b465ee728b)
Start importing Assets/SampleScenes/Models/LaserBolt.fbx using Guid(ee3f0b52fe10f194fb33c1423defa973) Importer(815301076,1909f56bfc062723c751e8b465ee728b)  -> (artifact id: 'ffe197bea27e3ce846dbd1f360e24a46') in 0.021997 seconds 
========================================================================
Received Import Request.
  Time since last request: 0.000493 seconds.
  path: Assets/Standard Assets/Characters/ThirdPersonCharacter/Materials/EthanGrey.mat
  artifactKey: Guid(621e901dcf5ebaf46bce29d18f67194c) Importer(815301076,1909f56bfc062723c751e8b465ee728b)
Start importing Assets/Standard Assets/Characters/ThirdPersonCharacter/Materials/EthanGrey.mat using Guid(621e901dcf5ebaf46bce29d18f67194c) Importer(815301076,1909f56bfc062723c751e8b465ee728b)  -> (artifact id: 'b2d463c4f52a0425caa3fdec2e089dab') in 0.043564 seconds 
========================================================================
Received Import Request.
  Time since last request: 0.000254 seconds.
  path: Assets/Standard Assets/Prototyping/Prefabs/CubePrototype02x02x02.prefab
  artifactKey: Guid(2b127815fd0f2074eae3a0c6a4786d0b) Importer(815301076,1909f56bfc062723c751e8b465ee728b)
Start importing Assets/Standard Assets/Prototyping/Prefabs/CubePrototype02x02x02.prefab using Guid(2b127815fd0f2074eae3a0c6a4786d0b) Importer(815301076,1909f56bfc062723c751e8b465ee728b)  -> (artifact id: '152863c100eae48538e92596967bee9a') in 0.014630 seconds 
========================================================================
Received Import Request.
  Time since last request: 0.000367 seconds.
  path: Assets/SampleScenes/Models/Brick.fbx
  artifactKey: Guid(9ced0c52dc1504d4da20513052fdc602) Importer(815301076,1909f56bfc062723c751e8b465ee728b)
Start importing Assets/SampleScenes/Models/Brick.fbx using Guid(9ced0c52dc1504d4da20513052fdc602) Importer(815301076,1909f56bfc062723c751e8b465ee728b)  -> (artifact id: '4b86e4dd4cc0377dda20579b4f6096f9') in 0.022827 seconds 
========================================================================
Received Import Request.
  Time since last request: 0.000358 seconds.
  path: Assets/Standard Assets/Environment/SpeedTree/Conifer/Conifer_Desktop Materials/LOD1/Fronds_2.mat
  artifactKey: Guid(e183610e060210e44ac38d34e83c54d1) Importer(815301076,1909f56bfc062723c751e8b465ee728b)
Start importing Assets/Standard Assets/Environment/SpeedTree/Conifer/Conifer_Desktop Materials/LOD1/Fronds_2.mat using Guid(e183610e060210e44ac38d34e83c54d1) Importer(815301076,1909f56bfc062723c751e8b465ee728b)  -> (artifact id: '3de6b242d3374a3c2466d1cec4c7f38f') in 0.017475 seconds 
========================================================================
Received Import Request.
  Time since last request: 0.000353 seconds.
  path: Assets/SampleScenes/Models/GoalPosts.fbx
  artifactKey: Guid(dbd33ca8053b5cb4790c6766343d4fb9) Importer(815301076,1909f56bfc062723c751e8b465ee728b)
Start importing Assets/SampleScenes/Models/GoalPosts.fbx using Guid(dbd33ca8053b5cb4790c6766343d4fb9) Importer(815301076,1909f56bfc062723c751e8b465ee728b)  -> (artifact id: '5d1fa920aed702ffe75b4cb693bc4625') in 0.023599 seconds 
========================================================================
Received Import Request.
  Time since last request: 0.000385 seconds.
  path: Assets/Standard Assets/Environment/SpeedTree/Palm/Palm_Desktop Materials/LOD2/Fronds_2.mat
  artifactKey: Guid(9b49c2e157c705944beb6767e25cd742) Importer(815301076,1909f56bfc062723c751e8b465ee728b)
Start importing Assets/Standard Assets/Environment/SpeedTree/Palm/Palm_Desktop Materials/LOD2/Fronds_2.mat using Guid(9b49c2e157c705944beb6767e25cd742) Importer(815301076,1909f56bfc062723c751e8b465ee728b)  -> (artifact id: '01b8e2a83a50a5063ef5d9696ab0242e') in 0.022949 seconds 
========================================================================
Received Import Request.
  Time since last request: 0.000298 seconds.
  path: Assets/Standard Assets/Vehicles/Car/Prefabs/Car.prefab
  artifactKey: Guid(0e7ee4df08df88c4880f43398f9ad2c2) Importer(815301076,1909f56bfc062723c751e8b465ee728b)
Start importing Assets/Standard Assets/Vehicles/Car/Prefabs/Car.prefab using Guid(0e7ee4df08df88c4880f43398f9ad2c2) Importer(815301076,1909f56bfc062723c751e8b465ee728b)  -> (artifact id: '1dbf8067341ef9b2712c64844fa1f42a') in 0.032681 seconds 
========================================================================
Received Import Request.
  Time since last request: 0.000222 seconds.
  path: Assets/Standard Assets/Characters/ThirdPersonCharacter/Animation/HumanoidJumpAndFall.fbx
  artifactKey: Guid(51dd2e4c869794f75a0df7d54b210214) Importer(815301076,1909f56bfc062723c751e8b465ee728b)
Start importing Assets/Standard Assets/Characters/ThirdPersonCharacter/Animation/HumanoidJumpAndFall.fbx using Guid(51dd2e4c869794f75a0df7d54b210214) Importer(815301076,1909f56bfc062723c751e8b465ee728b)  -> (artifact id: 'c78a2e6ba00fe3e079f1a31e7969b7fa') in 0.015649 seconds 
========================================================================
Received Import Request.
  Time since last request: 0.000383 seconds.
  path: Assets/Standard Assets/Environment/SpeedTree/Palm/Palm_Desktop Materials/LOD1/Branches_0.mat
  artifactKey: Guid(46160e8fc1456bc4d9fb3de64ba88c31) Importer(815301076,1909f56bfc062723c751e8b465ee728b)
Start importing Assets/Standard Assets/Environment/SpeedTree/Palm/Palm_Desktop Materials/LOD1/Branches_0.mat using Guid(46160e8fc1456bc4d9fb3de64ba88c31) Importer(815301076,1909f56bfc062723c751e8b465ee728b)  -> (artifact id: '4d4462c4038c91142030b979f2b5346e') in 0.016250 seconds 
========================================================================
Received Import Request.
  Time since last request: 0.000407 seconds.
  path: Assets/Standard Assets/2D/Prefabs/ExtentsLeft.prefab
  artifactKey: Guid(0eb16b4b3e362ef4f97494dd0e686c46) Importer(815301076,1909f56bfc062723c751e8b465ee728b)
Start importing Assets/Standard Assets/2D/Prefabs/ExtentsLeft.prefab using Guid(0eb16b4b3e362ef4f97494dd0e686c46) Importer(815301076,1909f56bfc062723c751e8b465ee728b)  -> (artifact id: '232de6ab3997e957075b3e3c0ce67cd9') in 0.014212 seconds 
========================================================================
Received Import Request.
  Time since last request: 0.000301 seconds.
  path: Assets/Standard Assets/Characters/ThirdPersonCharacter/Animation/HumanoidStandTurn.fbx
  artifactKey: Guid(6fb3851da6a6f5948ab6892bee8ba920) Importer(815301076,1909f56bfc062723c751e8b465ee728b)
Start importing Assets/Standard Assets/Characters/ThirdPersonCharacter/Animation/HumanoidStandTurn.fbx using Guid(6fb3851da6a6f5948ab6892bee8ba920) Importer(815301076,1909f56bfc062723c751e8b465ee728b)  -> (artifact id: 'aeef8be524805ba2c60dfd4f673a539f') in 0.021084 seconds 
========================================================================
Received Import Request.
  Time since last request: 0.000217 seconds.
  path: Assets/Standard Assets/Environment/SpeedTree/Broadleaf/Broadleaf_Desktop Materials/LOD1/Branches_0.mat
  artifactKey: Guid(4be5b19d42487c24f830c4ee36849a95) Importer(815301076,1909f56bfc062723c751e8b465ee728b)
Start importing Assets/Standard Assets/Environment/SpeedTree/Broadleaf/Broadleaf_Desktop Materials/LOD1/Branches_0.mat using Guid(4be5b19d42487c24f830c4ee36849a95) Importer(815301076,1909f56bfc062723c751e8b465ee728b)  -> (artifact id: '2ede4b00524a97f73df27fc355c73831') in 0.014679 seconds 
========================================================================
Received Import Request.
  Time since last request: 0.000551 seconds.
  path: Assets/Standard Assets/Environment/SpeedTree/Palm/Palm_Desktop.spm
  artifactKey: Guid(d027af1092f6b434090f040565e7e656) Importer(815301076,1909f56bfc062723c751e8b465ee728b)
Start importing Assets/Standard Assets/Environment/SpeedTree/Palm/Palm_Desktop.spm using Guid(d027af1092f6b434090f040565e7e656) Importer(815301076,1909f56bfc062723c751e8b465ee728b)  -> (artifact id: '2ddb052382a2e7e49c5b3260dd39b4b8') in 0.085177 seconds 
========================================================================
Received Import Request.
  Time since last request: 0.000286 seconds.
  path: Assets/Standard Assets/Environment/SpeedTree/Conifer/Conifer_Desktop Materials/LOD1/Branches_0.mat
  artifactKey: Guid(54ee8e39b634b6d45aae528b6b24e879) Importer(815301076,1909f56bfc062723c751e8b465ee728b)
Start importing Assets/Standard Assets/Environment/SpeedTree/Conifer/Conifer_Desktop Materials/LOD1/Branches_0.mat using Guid(54ee8e39b634b6d45aae528b6b24e879) Importer(815301076,1909f56bfc062723c751e8b465ee728b)  -> (artifact id: 'c702bff75a9256a19ef06b7976d14cf2') in 0.014354 seconds 
========================================================================
Received Import Request.
  Time since last request: 0.000411 seconds.
  path: Assets/Standard Assets/ParticleSystems/Prefabs/ExplosionMobile.prefab
  artifactKey: Guid(645413a00f7bd0242bbd6d0e5eb6f439) Importer(815301076,1909f56bfc062723c751e8b465ee728b)
Start importing Assets/Standard Assets/ParticleSystems/Prefabs/ExplosionMobile.prefab using Guid(645413a00f7bd0242bbd6d0e5eb6f439) Importer(815301076,1909f56bfc062723c751e8b465ee728b)  -> (artifact id: '0ecf92af40324a710de286d0ef388332') in 0.049554 seconds 
========================================================================
Received Import Request.
  Time since last request: 0.000394 seconds.
  path: Assets/Standard Assets/Prototyping/Models/HousePrototype16x16x24.fbx
  artifactKey: Guid(ce7348d724aa0fc44aaf53391b9bae9b) Importer(815301076,1909f56bfc062723c751e8b465ee728b)
Start importing Assets/Standard Assets/Prototyping/Models/HousePrototype16x16x24.fbx using Guid(ce7348d724aa0fc44aaf53391b9bae9b) Importer(815301076,1909f56bfc062723c751e8b465ee728b)  -> (artifact id: 'e5c29aa9ec13997f424a2cc427f97add') in 0.026339 seconds 
========================================================================
Received Import Request.
  Time since last request: 0.000343 seconds.
  path: Assets/Standard Assets/Characters/ThirdPersonCharacter/Animation/HumanoidIdle.fbx
  artifactKey: Guid(dffa50cfe77e0434bbfa71245b3dd529) Importer(815301076,1909f56bfc062723c751e8b465ee728b)
Start importing Assets/Standard Assets/Characters/ThirdPersonCharacter/Animation/HumanoidIdle.fbx using Guid(dffa50cfe77e0434bbfa71245b3dd529) Importer(815301076,1909f56bfc062723c751e8b465ee728b)  -> (artifact id: '219ed19f78e81249b5930e91e10fcd58') in 0.015813 seconds 
========================================================================
Received Import Request.
  Time since last request: 0.000547 seconds.
  path: Assets/Standard Assets/ParticleSystems/Prefabs/Flare.prefab
  artifactKey: Guid(0438351a6e6422d43a09930e9be00ee9) Importer(815301076,1909f56bfc062723c751e8b465ee728b)
Start importing Assets/Standard Assets/ParticleSystems/Prefabs/Flare.prefab using Guid(0438351a6e6422d43a09930e9be00ee9) Importer(815301076,1909f56bfc062723c751e8b465ee728b)  -> (artifact id: '2963e2ee926df1d58a6edeae407cbd43') in 0.021567 seconds 
========================================================================
Received Import Request.
  Time since last request: 0.000291 seconds.
  path: Assets/Standard Assets/Characters/ThirdPersonCharacter/Animation/HumanoidRunTurnSharp.fbx
  artifactKey: Guid(f2bed5dc5afacff44a00de8daae9703b) Importer(815301076,1909f56bfc062723c751e8b465ee728b)
Start importing Assets/Standard Assets/Characters/ThirdPersonCharacter/Animation/HumanoidRunTurnSharp.fbx using Guid(f2bed5dc5afacff44a00de8daae9703b) Importer(815301076,1909f56bfc062723c751e8b465ee728b)  -> (artifact id: 'd6788dd728babba5adde759ba3904468') in 0.016363 seconds 
========================================================================
Received Import Request.
  Time since last request: 0.000554 seconds.
  path: Assets/Standard Assets/Environment/SpeedTree/Broadleaf/Broadleaf_Mobile Materials/LOD2/Branches_0.mat
  artifactKey: Guid(cd764ab8662bea6468202df8741bcfd3) Importer(815301076,1909f56bfc062723c751e8b465ee728b)
Start importing Assets/Standard Assets/Environment/SpeedTree/Broadleaf/Broadleaf_Mobile Materials/LOD2/Branches_0.mat using Guid(cd764ab8662bea6468202df8741bcfd3) Importer(815301076,1909f56bfc062723c751e8b465ee728b)  -> (artifact id: 'dd471df536167b2fefc5221c7fd65e27') in 0.016747 seconds 
========================================================================
Received Import Request.
  Time since last request: 0.000456 seconds.
  path: Assets/Standard Assets/Prototyping/Prefabs/FloorPrototype08x01x08.prefab
  artifactKey: Guid(584a8ef4749c89745b7ae07f3ba7617f) Importer(815301076,1909f56bfc062723c751e8b465ee728b)
Start importing Assets/Standard Assets/Prototyping/Prefabs/FloorPrototype08x01x08.prefab using Guid(584a8ef4749c89745b7ae07f3ba7617f) Importer(815301076,1909f56bfc062723c751e8b465ee728b)  -> (artifact id: 'a21ba74436d696c4475b7aafeba285c3') in 0.015821 seconds 
========================================================================
Received Import Request.
  Time since last request: 0.000548 seconds.
  path: Assets/Standard Assets/Prototyping/Models/CubePrototype04x04x04.fbx
  artifactKey: Guid(3f79402ff4ca9c54d96a09d1a77540d5) Importer(815301076,1909f56bfc062723c751e8b465ee728b)
Start importing Assets/Standard Assets/Prototyping/Models/CubePrototype04x04x04.fbx using Guid(3f79402ff4ca9c54d96a09d1a77540d5) Importer(815301076,1909f56bfc062723c751e8b465ee728b)  -> (artifact id: 'dd8f9205744f5db3c48ef7c3d5f2e608') in 0.024471 seconds 
========================================================================
Received Import Request.
  Time since last request: 0.000354 seconds.
  path: Assets/Standard Assets/Fonts/OpenSans/OpenSansLight.ttf
  artifactKey: Guid(04a842e316b6f44bf8da702de26a8ed6) Importer(815301076,1909f56bfc062723c751e8b465ee728b)
Start importing Assets/Standard Assets/Fonts/OpenSans/OpenSansLight.ttf using Guid(04a842e316b6f44bf8da702de26a8ed6) Importer(815301076,1909f56bfc062723c751e8b465ee728b)  -> (artifact id: 'bd6c3fcec701ad8ce2cf217c7adbe558') in 0.019358 seconds 
========================================================================
Received Import Request.
  Time since last request: 0.000360 seconds.
  path: Assets/Standard Assets/ParticleSystems/Prefabs/Fireworks.prefab
  artifactKey: Guid(180149b1a35449044a27b451e816d2de) Importer(815301076,1909f56bfc062723c751e8b465ee728b)
Start importing Assets/Standard Assets/ParticleSystems/Prefabs/Fireworks.prefab using Guid(180149b1a35449044a27b451e816d2de) Importer(815301076,1909f56bfc062723c751e8b465ee728b)  -> (artifact id: '6585500d91519174913bfca590006ce8') in 0.019761 seconds 
========================================================================
Received Import Request.
  Time since last request: 0.000284 seconds.
  path: Assets/SampleScenes/Prefabs/CameraSwitch.prefab
  artifactKey: Guid(fdc378243b95c2144aa66bfc382d1b75) Importer(815301076,1909f56bfc062723c751e8b465ee728b)
Start importing Assets/SampleScenes/Prefabs/CameraSwitch.prefab using Guid(fdc378243b95c2144aa66bfc382d1b75) Importer(815301076,1909f56bfc062723c751e8b465ee728b)  -> (artifact id: '2650393a3f0539dd82cd6eb78bbe6b89') in 0.017052 seconds 
========================================================================
Received Import Request.
  Time since last request: 0.000367 seconds.
  path: Assets/Standard Assets/Characters/ThirdPersonCharacter/Animation/HumanoidMidAir.fbx
  artifactKey: Guid(f03e10c73f30b4ab4aa8ea8f1cc16d36) Importer(815301076,1909f56bfc062723c751e8b465ee728b)
Start importing Assets/Standard Assets/Characters/ThirdPersonCharacter/Animation/HumanoidMidAir.fbx using Guid(f03e10c73f30b4ab4aa8ea8f1cc16d36) Importer(815301076,1909f56bfc062723c751e8b465ee728b)  -> (artifact id: '5367fc6a1e6e1e8aacd0449bc7ff0bdf') in 0.014113 seconds 
========================================================================
Received Import Request.
  Time since last request: 0.000375 seconds.
  path: Assets/Standard Assets/Environment/Water/Water4/Models/OceanPlane.FBX
  artifactKey: Guid(681e41ee1260343b395ca58745c94870) Importer(815301076,1909f56bfc062723c751e8b465ee728b)
Start importing Assets/Standard Assets/Environment/Water/Water4/Models/OceanPlane.FBX using Guid(681e41ee1260343b395ca58745c94870) Importer(815301076,1909f56bfc062723c751e8b465ee728b)  -> (artifact id: 'bb0a0eebdffeb523cc6b117d293898b7') in 0.027557 seconds 
========================================================================
Received Import Request.
  Time since last request: 0.000324 seconds.
  path: Assets/Standard Assets/Effects/Projectors/Prefabs/BlobLightProjector.prefab
  artifactKey: Guid(21543d2b66928224f8a9536ff3811682) Importer(815301076,1909f56bfc062723c751e8b465ee728b)
Start importing Assets/Standard Assets/Effects/Projectors/Prefabs/BlobLightProjector.prefab using Guid(21543d2b66928224f8a9536ff3811682) Importer(815301076,1909f56bfc062723c751e8b465ee728b)  -> (artifact id: '331ff33e964fccdba4dec3e96a150342') in 0.008067 seconds 
========================================================================
Received Import Request.
  Time since last request: 0.000351 seconds.
  path: Assets/Standard Assets/Characters/ThirdPersonCharacter/Materials/EthanWhite.mat
  artifactKey: Guid(f62b52b2d4b721742a0bc5c6b4db468d) Importer(815301076,1909f56bfc062723c751e8b465ee728b)
Start importing Assets/Standard Assets/Characters/ThirdPersonCharacter/Materials/EthanWhite.mat using Guid(f62b52b2d4b721742a0bc5c6b4db468d) Importer(815301076,1909f56bfc062723c751e8b465ee728b)  -> (artifact id: '2b17a96c9bd7e93e0a4b181ff7cb5082') in 0.040307 seconds 
========================================================================
Received Import Request.
  Time since last request: 0.000264 seconds.
  path: Assets/Standard Assets/Utility/Prefabs/FramerateCounter.prefab
  artifactKey: Guid(81154777d5417884981849c5243f6c01) Importer(815301076,1909f56bfc062723c751e8b465ee728b)
Start importing Assets/Standard Assets/Utility/Prefabs/FramerateCounter.prefab using Guid(81154777d5417884981849c5243f6c01) Importer(815301076,1909f56bfc062723c751e8b465ee728b)  -> (artifact id: 'b87373b661d2b2278f8449a99177ded0') in 0.009608 seconds 
========================================================================
Received Import Request.
  Time since last request: 0.000372 seconds.
  path: Assets/SampleScenes/Prefabs/GoalPosts.prefab
  artifactKey: Guid(6df3f650b33fa604cb3f5923fa50d053) Importer(815301076,1909f56bfc062723c751e8b465ee728b)
Start importing Assets/SampleScenes/Prefabs/GoalPosts.prefab using Guid(6df3f650b33fa604cb3f5923fa50d053) Importer(815301076,1909f56bfc062723c751e8b465ee728b)  -> (artifact id: 'fe8c497ecc5aebf1dcf2131d7739452f') in 0.013985 seconds 
========================================================================
Received Import Request.
  Time since last request: 0.000387 seconds.
  path: Assets/Standard Assets/Environment/SpeedTree/Palm/Palm_Desktop Materials/Billboard.mat
  artifactKey: Guid(6e680dda9368db5418f19388474277a2) Importer(815301076,1909f56bfc062723c751e8b465ee728b)
Start importing Assets/Standard Assets/Environment/SpeedTree/Palm/Palm_Desktop Materials/Billboard.mat using Guid(6e680dda9368db5418f19388474277a2) Importer(815301076,1909f56bfc062723c751e8b465ee728b)  -> (artifact id: 'df2c4aacc732b0e4347866cbc2b25a3f') in 0.035219 seconds 
========================================================================
Received Import Request.
  Time since last request: 0.000303 seconds.
  path: Assets/Standard Assets/Environment/SpeedTree/Broadleaf/Broadleaf_Desktop Materials/LOD0/FacingLeaves_4.mat
  artifactKey: Guid(d5b20def9c5c05748a01627738b94531) Importer(815301076,1909f56bfc062723c751e8b465ee728b)
Start importing Assets/Standard Assets/Environment/SpeedTree/Broadleaf/Broadleaf_Desktop Materials/LOD0/FacingLeaves_4.mat using Guid(d5b20def9c5c05748a01627738b94531) Importer(815301076,1909f56bfc062723c751e8b465ee728b)  -> (artifact id: '843e1861e16880fd43c56703d7a2bf91') in 0.016963 seconds 
========================================================================
Received Import Request.
  Time since last request: 0.000402 seconds.
  path: Assets/SampleScenes/Prefabs/GroundTrack.prefab
  artifactKey: Guid(f7afdcb1eabdee54790f55f84e3e4ac8) Importer(815301076,1909f56bfc062723c751e8b465ee728b)
Start importing Assets/SampleScenes/Prefabs/GroundTrack.prefab using Guid(f7afdcb1eabdee54790f55f84e3e4ac8) Importer(815301076,1909f56bfc062723c751e8b465ee728b)  -> (artifact id: '5e888b498ff285964eaf3ed1a043b232') in 0.021329 seconds 
========================================================================
Received Import Request.
  Time since last request: 0.000420 seconds.
  path: Assets/Standard Assets/Environment/SpeedTree/Broadleaf/Broadleaf_Desktop Materials/LOD2/Fronds_2.mat
  artifactKey: Guid(ee0b78d572fcec249860ad38970b7888) Importer(815301076,1909f56bfc062723c751e8b465ee728b)
Start importing Assets/Standard Assets/Environment/SpeedTree/Broadleaf/Broadleaf_Desktop Materials/LOD2/Fronds_2.mat using Guid(ee0b78d572fcec249860ad38970b7888) Importer(815301076,1909f56bfc062723c751e8b465ee728b)  -> (artifact id: '5f227af60a96f9979c72d6c1fd150ce6') in 0.016413 seconds 
========================================================================
Received Import Request.
  Time since last request: 0.000349 seconds.
  path: Assets/Standard Assets/2D/Prefabs/CharacterRobotBoy.prefab
  artifactKey: Guid(87a2357765801c34292d6718d8b4d770) Importer(815301076,1909f56bfc062723c751e8b465ee728b)
Start importing Assets/Standard Assets/2D/Prefabs/CharacterRobotBoy.prefab using Guid(87a2357765801c34292d6718d8b4d770) Importer(815301076,1909f56bfc062723c751e8b465ee728b)  -> (artifact id: '31c851392a741ffc75645abf983928ed') in 0.040498 seconds 
========================================================================
Received Import Request.
  Time since last request: 0.000221 seconds.
  path: Assets/Standard Assets/Prototyping/Models/JoinInnerPrototype01x06x01.fbx
  artifactKey: Guid(f45b6695d6226cd48abfc605723cc3ae) Importer(815301076,1909f56bfc062723c751e8b465ee728b)
Start importing Assets/Standard Assets/Prototyping/Models/JoinInnerPrototype01x06x01.fbx using Guid(f45b6695d6226cd48abfc605723cc3ae) Importer(815301076,1909f56bfc062723c751e8b465ee728b)  -> (artifact id: 'a7a77d0298feca18fa803004fa024675') in 0.022804 seconds 
========================================================================
Received Import Request.
  Time since last request: 0.000380 seconds.
  path: Assets/Standard Assets/CrossPlatformInput/Prefabs/CarTiltControls.prefab
  artifactKey: Guid(174090ae7f9eff84abe76f0ff062efac) Importer(815301076,1909f56bfc062723c751e8b465ee728b)
Start importing Assets/Standard Assets/CrossPlatformInput/Prefabs/CarTiltControls.prefab using Guid(174090ae7f9eff84abe76f0ff062efac) Importer(815301076,1909f56bfc062723c751e8b465ee728b)  -> (artifact id: 'd23b19d2bc8da848d37641f4ed51874d') in 0.015525 seconds 
========================================================================
Received Import Request.
  Time since last request: 0.000412 seconds.
  path: Assets/SampleScenes/Models/GroundRunway.FBX
  artifactKey: Guid(b02e63c7c24117e45acd64f6e5ede314) Importer(815301076,1909f56bfc062723c751e8b465ee728b)
Start importing Assets/SampleScenes/Models/GroundRunway.FBX using Guid(b02e63c7c24117e45acd64f6e5ede314) Importer(815301076,1909f56bfc062723c751e8b465ee728b)  -> (artifact id: '43531888cc7960fe7b3f512ad7b4c853') in 0.056218 seconds 
========================================================================
Received Import Request.
  Time since last request: 0.000248 seconds.
  path: Assets/Standard Assets/Environment/SpeedTree/Conifer/Conifer_Desktop Materials/LOD2/Branches_1.mat
  artifactKey: Guid(57df284b8a7c87b4894ac5f9c86e0be9) Importer(815301076,1909f56bfc062723c751e8b465ee728b)
Start importing Assets/Standard Assets/Environment/SpeedTree/Conifer/Conifer_Desktop Materials/LOD2/Branches_1.mat using Guid(57df284b8a7c87b4894ac5f9c86e0be9) Importer(815301076,1909f56bfc062723c751e8b465ee728b)  -> (artifact id: '069cf5596e87200c73afb62045229a30') in 0.013086 seconds 
========================================================================
Received Import Request.
  Time since last request: 0.000512 seconds.
  path: Assets/SampleScenes/Prefabs/CameraSwitchUI.prefab
  artifactKey: Guid(b3495d363d7ccba40bc3e92c1a184e28) Importer(815301076,1909f56bfc062723c751e8b465ee728b)
Start importing Assets/SampleScenes/Prefabs/CameraSwitchUI.prefab using Guid(b3495d363d7ccba40bc3e92c1a184e28) Importer(815301076,1909f56bfc062723c751e8b465ee728b)  -> (artifact id: '461a35df4bd69c64374ae0292610020f') in 0.007524 seconds 
========================================================================
Received Import Request.
  Time since last request: 0.000396 seconds.
  path: Assets/Standard Assets/Fonts/OpenSans/OpenSansBold.ttf
  artifactKey: Guid(87c316b602156405d92e616621658222) Importer(815301076,1909f56bfc062723c751e8b465ee728b)
Start importing Assets/Standard Assets/Fonts/OpenSans/OpenSansBold.ttf using Guid(87c316b602156405d92e616621658222) Importer(815301076,1909f56bfc062723c751e8b465ee728b)  -> (artifact id: '38eb56e04e3e0a2f2c47fe602b7dcdbc') in 0.019849 seconds 
========================================================================
Received Import Request.
  Time since last request: 0.000462 seconds.
  path: Assets/Standard Assets/Vehicles/Aircraft/Models/AircraftWingsJet.fbx
  artifactKey: Guid(63742edd796d522458d772b44affdf9b) Importer(815301076,1909f56bfc062723c751e8b465ee728b)
Start importing Assets/Standard Assets/Vehicles/Aircraft/Models/AircraftWingsJet.fbx using Guid(63742edd796d522458d772b44affdf9b) Importer(815301076,1909f56bfc062723c751e8b465ee728b)  -> (artifact id: '69460835bf005e139deb1c2deb3f623c') in 0.225344 seconds 
========================================================================
Received Import Request.
  Time since last request: 0.000291 seconds.
  path: Assets/SampleScenes/Models/Cube.fbx
  artifactKey: Guid(ef6178546f77bc546af127fb4c56da0c) Importer(815301076,1909f56bfc062723c751e8b465ee728b)
Start importing Assets/SampleScenes/Models/Cube.fbx using Guid(ef6178546f77bc546af127fb4c56da0c) Importer(815301076,1909f56bfc062723c751e8b465ee728b)  -> (artifact id: 'fd9a65a9d85f45858ff6c759bd8786de') in 0.021943 seconds 
========================================================================
Received Import Request.
  Time since last request: 0.000383 seconds.
  path: Assets/SampleScenes/Models/Loop.fbx
  artifactKey: Guid(1d47ea6078c7f594e9aaf5f353bf61ba) Importer(815301076,1909f56bfc062723c751e8b465ee728b)
Start importing Assets/SampleScenes/Models/Loop.fbx using Guid(1d47ea6078c7f594e9aaf5f353bf61ba) Importer(815301076,1909f56bfc062723c751e8b465ee728b)  -> (artifact id: '58134c5073828736656a68004311155b') in 0.035309 seconds 
========================================================================
Received Import Request.
  Time since last request: 0.000372 seconds.
  path: Assets/Standard Assets/Characters/ThirdPersonCharacter/Animation/HumanoidRunTurn.fbx
  artifactKey: Guid(1062212255550964e974f3ffb3cbaae3) Importer(815301076,1909f56bfc062723c751e8b465ee728b)
Start importing Assets/Standard Assets/Characters/ThirdPersonCharacter/Animation/HumanoidRunTurn.fbx using Guid(1062212255550964e974f3ffb3cbaae3) Importer(815301076,1909f56bfc062723c751e8b465ee728b)  -> (artifact id: '684e04ec09fcabaabc197d58e68c9275') in 0.013877 seconds 
========================================================================
Received Import Request.
  Time since last request: 0.000278 seconds.
  path: Assets/Standard Assets/ParticleSystems/Prefabs/Afterburner.prefab
  artifactKey: Guid(d8c41be67f41aa545ae053b0b927f821) Importer(815301076,1909f56bfc062723c751e8b465ee728b)
Start importing Assets/Standard Assets/ParticleSystems/Prefabs/Afterburner.prefab using Guid(d8c41be67f41aa545ae053b0b927f821) Importer(815301076,1909f56bfc062723c751e8b465ee728b)  -> (artifact id: '818b764ae8894b8b3aa14d8baf42e388') in 0.017256 seconds 
========================================================================
Received Import Request.
  Time since last request: 0.000393 seconds.
  path: Assets/Standard Assets/Environment/SpeedTree/Broadleaf/Broadleaf_Mobile Materials/LOD0/Branches_0.mat
  artifactKey: Guid(bfc1dabf45016eb46b99df1a78054924) Importer(815301076,1909f56bfc062723c751e8b465ee728b)
Start importing Assets/Standard Assets/Environment/SpeedTree/Broadleaf/Broadleaf_Mobile Materials/LOD0/Branches_0.mat using Guid(bfc1dabf45016eb46b99df1a78054924) Importer(815301076,1909f56bfc062723c751e8b465ee728b)  -> (artifact id: 'cbfd927b5042f02b312c0a961fcd2698') in 0.015299 seconds 
========================================================================
Received Import Request.
  Time since last request: 0.000355 seconds.
  path: Assets/Standard Assets/Prototyping/Models/PickupPrototype01x01x01.fbx
  artifactKey: Guid(00718395eefb6084bb25555f962f25c0) Importer(815301076,1909f56bfc062723c751e8b465ee728b)
Start importing Assets/Standard Assets/Prototyping/Models/PickupPrototype01x01x01.fbx using Guid(00718395eefb6084bb25555f962f25c0) Importer(815301076,1909f56bfc062723c751e8b465ee728b)  -> (artifact id: '1fde75bd9acc818bc9842481f57c0cf0') in 0.028871 seconds 
========================================================================
Received Import Request.
  Time since last request: 0.000503 seconds.
  path: Assets/Standard Assets/Environment/SpeedTree/Broadleaf/Broadleaf_Desktop Materials/LOD2/Branches_0.mat
  artifactKey: Guid(b0d5705176a0d36419d034e2ea46491a) Importer(815301076,1909f56bfc062723c751e8b465ee728b)
Start importing Assets/Standard Assets/Environment/SpeedTree/Broadleaf/Broadleaf_Desktop Materials/LOD2/Branches_0.mat using Guid(b0d5705176a0d36419d034e2ea46491a) Importer(815301076,1909f56bfc062723c751e8b465ee728b)  -> (artifact id: '67b86ad09a7d142b2a6b46b99b22e9bb') in 0.022112 seconds 
========================================================================
Received Import Request.
  Time since last request: 0.000411 seconds.
  path: Assets/Standard Assets/Prototyping/Models/PillarPrototype01x02x01.fbx
  artifactKey: Guid(25712b9d3dd0eb4439390fb8fea8043e) Importer(815301076,1909f56bfc062723c751e8b465ee728b)
Start importing Assets/Standard Assets/Prototyping/Models/PillarPrototype01x02x01.fbx using Guid(25712b9d3dd0eb4439390fb8fea8043e) Importer(815301076,1909f56bfc062723c751e8b465ee728b)  -> (artifact id: '1e368b47ea96f82ba565a860207c7eff') in 0.022942 seconds 
========================================================================
Received Import Request.
  Time since last request: 0.000258 seconds.
  path: Assets/SampleScenes/Models/Pillar.fbx
  artifactKey: Guid(2f1a6a1aa4c4ac74096a01849d901a17) Importer(815301076,1909f56bfc062723c751e8b465ee728b)
Start importing Assets/SampleScenes/Models/Pillar.fbx using Guid(2f1a6a1aa4c4ac74096a01849d901a17) Importer(815301076,1909f56bfc062723c751e8b465ee728b)  -> (artifact id: 'c50909e685c58c9a238b4138328260db') in 0.025585 seconds 
========================================================================
Received Import Request.
  Time since last request: 0.000339 seconds.
  path: Assets/SampleScenes/Models/GroundObstacles.FBX
  artifactKey: Guid(f57127cfcc32ab9419af130b6a9211fb) Importer(815301076,1909f56bfc062723c751e8b465ee728b)
Start importing Assets/SampleScenes/Models/GroundObstacles.FBX using Guid(f57127cfcc32ab9419af130b6a9211fb) Importer(815301076,1909f56bfc062723c751e8b465ee728b)  -> (artifact id: '3e3088ba892fae5d1dd643720cc17627') in 0.059034 seconds 
========================================================================
Received Import Request.
  Time since last request: 0.000260 seconds.
  path: Assets/Standard Assets/Environment/SpeedTree/Broadleaf/Broadleaf_Desktop Materials/LOD0/Fronds_2.mat
  artifactKey: Guid(e6a8e6ae86a5b904eb64f573f145ecde) Importer(815301076,1909f56bfc062723c751e8b465ee728b)
Start importing Assets/Standard Assets/Environment/SpeedTree/Broadleaf/Broadleaf_Desktop Materials/LOD0/Fronds_2.mat using Guid(e6a8e6ae86a5b904eb64f573f145ecde) Importer(815301076,1909f56bfc062723c751e8b465ee728b)  -> (artifact id: '9a61433a63da930c2448f9be8c2a37b3') in 0.014631 seconds 
========================================================================
Received Import Request.
  Time since last request: 0.000416 seconds.
  path: Assets/Standard Assets/Effects/TessellationShaders/Models/LowPolySphere.fbx
  artifactKey: Guid(103612e5e1ff43a4e896c567a2cb3ae1) Importer(815301076,1909f56bfc062723c751e8b465ee728b)
Start importing Assets/Standard Assets/Effects/TessellationShaders/Models/LowPolySphere.fbx using Guid(103612e5e1ff43a4e896c567a2cb3ae1) Importer(815301076,1909f56bfc062723c751e8b465ee728b)  -> (artifact id: 'f282ceb14dd6300df7634a8180c76911') in 0.018853 seconds 
========================================================================
Received Import Request.
  Time since last request: 0.000280 seconds.
  path: Assets/Standard Assets/Prototyping/Models/FloorPrototype64x01x64.fbx
  artifactKey: Guid(fadddc63520db414bbc9126cbf4743ad) Importer(815301076,1909f56bfc062723c751e8b465ee728b)
Start importing Assets/Standard Assets/Prototyping/Models/FloorPrototype64x01x64.fbx using Guid(fadddc63520db414bbc9126cbf4743ad) Importer(815301076,1909f56bfc062723c751e8b465ee728b)  -> (artifact id: 'fc565e938c9de4050dddf7e1e7d4b3f6') in 0.016359 seconds 
========================================================================
Received Import Request.
  Time since last request: 0.000321 seconds.
  path: Assets/SampleScenes/Prefabs/BoxSmall.prefab
  artifactKey: Guid(75c27bf47f501a74fa5723911612c226) Importer(815301076,1909f56bfc062723c751e8b465ee728b)
Start importing Assets/SampleScenes/Prefabs/BoxSmall.prefab using Guid(75c27bf47f501a74fa5723911612c226) Importer(815301076,1909f56bfc062723c751e8b465ee728b)  -> (artifact id: '20cc04962869f5a1d4e51b2681630627') in 0.010673 seconds 
========================================================================
Received Import Request.
  Time since last request: 0.000252 seconds.
  path: Assets/SampleScenes/Prefabs/GroundObstacles.prefab
  artifactKey: Guid(95bbe2885334e3c46b79c3419edb469c) Importer(815301076,1909f56bfc062723c751e8b465ee728b)
Start importing Assets/SampleScenes/Prefabs/GroundObstacles.prefab using Guid(95bbe2885334e3c46b79c3419edb469c) Importer(815301076,1909f56bfc062723c751e8b465ee728b)  -> (artifact id: '04f0c53a949a7717dc5a7ad28356f0c5') in 0.014179 seconds 
========================================================================
Received Import Request.
  Time since last request: 0.000248 seconds.
  path: Assets/SampleScenes/Prefabs/GroundRunway.prefab
  artifactKey: Guid(00690c0e075198740bd736a4731c7a90) Importer(815301076,1909f56bfc062723c751e8b465ee728b)
Start importing Assets/SampleScenes/Prefabs/GroundRunway.prefab using Guid(00690c0e075198740bd736a4731c7a90) Importer(815301076,1909f56bfc062723c751e8b465ee728b)  -> (artifact id: 'e33ca61d57be6bebc67fee42302cb37a') in 0.015694 seconds 
========================================================================
Received Import Request.
  Time since last request: 0.000183 seconds.
  path: Assets/Standard Assets/ParticleSystems/Prefabs/FireMobile.prefab
  artifactKey: Guid(b99a0a5998b2736429fd2a2fd1d01c5e) Importer(815301076,1909f56bfc062723c751e8b465ee728b)
Start importing Assets/Standard Assets/ParticleSystems/Prefabs/FireMobile.prefab using Guid(b99a0a5998b2736429fd2a2fd1d01c5e) Importer(815301076,1909f56bfc062723c751e8b465ee728b)  -> (artifact id: 'dc060a843305bbcd1c6fe48d39ec2138') in 0.013276 seconds 
========================================================================
Received Import Request.
  Time since last request: 0.000354 seconds.
  path: Assets/Standard Assets/Prototyping/Models/FloorPrototype04x01x04.fbx
  artifactKey: Guid(080bc076ed19adb4091adca05de83d66) Importer(815301076,1909f56bfc062723c751e8b465ee728b)
Start importing Assets/Standard Assets/Prototyping/Models/FloorPrototype04x01x04.fbx using Guid(080bc076ed19adb4091adca05de83d66) Importer(815301076,1909f56bfc062723c751e8b465ee728b)  -> (artifact id: '8d81310609b688bf567ff02b0487d493') in 0.017362 seconds 
========================================================================
Received Import Request.
  Time since last request: 0.000344 seconds.
  path: Assets/Standard Assets/Vehicles/Aircraft/Prefabs/AircraftPropeller.prefab
  artifactKey: Guid(7e1741de780e13f42a448fdb5b60c1e1) Importer(815301076,1909f56bfc062723c751e8b465ee728b)
Start importing Assets/Standard Assets/Vehicles/Aircraft/Prefabs/AircraftPropeller.prefab using Guid(7e1741de780e13f42a448fdb5b60c1e1) Importer(815301076,1909f56bfc062723c751e8b465ee728b)  -> (artifact id: '7b12dc9986b89c638167af23d02b4577') in 0.101287 seconds 
========================================================================
Received Import Request.
  Time since last request: 0.000366 seconds.
  path: Assets/Standard Assets/ParticleSystems/Prefabs/DustStormMobile.prefab
  artifactKey: Guid(ed1c797ec3736704db03a0d64d010e33) Importer(815301076,1909f56bfc062723c751e8b465ee728b)
Start importing Assets/Standard Assets/ParticleSystems/Prefabs/DustStormMobile.prefab using Guid(ed1c797ec3736704db03a0d64d010e33) Importer(815301076,1909f56bfc062723c751e8b465ee728b)  -> (artifact id: '66edeeb059c40501d9c268c9763777e6') in 0.012983 seconds 
========================================================================
Received Import Request.
  Time since last request: 0.000264 seconds.
  path: Assets/Standard Assets/Prototyping/Models/BlockPrototype04x04x04.fbx
  artifactKey: Guid(622a87b3379022740be7e2efea3ebd33) Importer(815301076,1909f56bfc062723c751e8b465ee728b)
Start importing Assets/Standard Assets/Prototyping/Models/BlockPrototype04x04x04.fbx using Guid(622a87b3379022740be7e2efea3ebd33) Importer(815301076,1909f56bfc062723c751e8b465ee728b)  -> (artifact id: '81862e165f51965d5c159c7e145c30f1') in 0.022860 seconds 
========================================================================
Received Import Request.
  Time since last request: 0.000242 seconds.
  path: Assets/Standard Assets/Prototyping/Models/JoinOuterPrototype02x06x02.fbx
  artifactKey: Guid(6386a10e23c45d040a22051e6ae3b70f) Importer(815301076,1909f56bfc062723c751e8b465ee728b)
Start importing Assets/Standard Assets/Prototyping/Models/JoinOuterPrototype02x06x02.fbx using Guid(6386a10e23c45d040a22051e6ae3b70f) Importer(815301076,1909f56bfc062723c751e8b465ee728b)  -> (artifact id: 'fcf3ee8c145eb9d35a7313c4971611e7') in 0.021807 seconds 
========================================================================
Received Import Request.
  Time since last request: 0.000456 seconds.
  path: Assets/Standard Assets/Characters/ThirdPersonCharacter/Prefabs/AIThirdPersonController.prefab
  artifactKey: Guid(54eb5844754051b40a918a84c33b7c1a) Importer(815301076,1909f56bfc062723c751e8b465ee728b)
Start importing Assets/Standard Assets/Characters/ThirdPersonCharacter/Prefabs/AIThirdPersonController.prefab using Guid(54eb5844754051b40a918a84c33b7c1a) Importer(815301076,1909f56bfc062723c751e8b465ee728b)  -> (artifact id: '1af017de1312189e7a8e4e77d2caba89') in 0.078396 seconds 
========================================================================
Received Import Request.
  Time since last request: 25.542960 seconds.
  path: Assets/SampleScenes/Scripts
  artifactKey: Guid(6b3da2c3291b36b4c9d431fad18e9b0f) Importer(815301076,1909f56bfc062723c751e8b465ee728b)
Start importing Assets/SampleScenes/Scripts using Guid(6b3da2c3291b36b4c9d431fad18e9b0f) Importer(815301076,1909f56bfc062723c751e8b465ee728b)  -> (artifact id: '6f604ca5bad9213fd615b30d0d19e73b') in 0.004519 seconds 
========================================================================
Received Import Request.
  Time since last request: 2.635109 seconds.
  path: Assets/SampleScenes/Scripts/CameraSwitch.cs
  artifactKey: Guid(92e373d5f05ca4f4b8ee311c44f4d801) Importer(815301076,1909f56bfc062723c751e8b465ee728b)
Start importing Assets/SampleScenes/Scripts/CameraSwitch.cs using Guid(92e373d5f05ca4f4b8ee311c44f4d801) Importer(815301076,1909f56bfc062723c751e8b465ee728b)  -> (artifact id: 'da37be78a511eb0d347f03bb2f9cee9c') in 0.014249 seconds 
========================================================================
Received Import Request.
  Time since last request: 3.719155 seconds.
  path: Assets/SampleScenes/Scripts/LevelReset.cs
  artifactKey: Guid(3d72a710d92c34e47beaa42373beec95) Importer(815301076,1909f56bfc062723c751e8b465ee728b)
Start importing Assets/SampleScenes/Scripts/LevelReset.cs using Guid(3d72a710d92c34e47beaa42373beec95) Importer(815301076,1909f56bfc062723c751e8b465ee728b)  -> (artifact id: '90da269e65e07deaf8e94be634510fdb') in 0.003580 seconds 
========================================================================
Received Import Request.
  Time since last request: 0.610076 seconds.
  path: Assets/SampleScenes/Scripts/ParticleSceneControls.cs
  artifactKey: Guid(acea13a76cc56d74db53fc5bc2d9d315) Importer(815301076,1909f56bfc062723c751e8b465ee728b)
Start importing Assets/SampleScenes/Scripts/ParticleSceneControls.cs using Guid(acea13a76cc56d74db53fc5bc2d9d315) Importer(815301076,1909f56bfc062723c751e8b465ee728b)  -> (artifact id: '3e348847d5c3b74e6103c40f319a64d1') in 0.002965 seconds 
========================================================================
Received Import Request.
  Time since last request: 1.147436 seconds.
  path: Assets/SampleScenes/Scripts/PlaceTargetWithMouse.cs
  artifactKey: Guid(8336d9bb1ba56ae49b0d343112f2a5f8) Importer(815301076,1909f56bfc062723c751e8b465ee728b)
Start importing Assets/SampleScenes/Scripts/PlaceTargetWithMouse.cs using Guid(8336d9bb1ba56ae49b0d343112f2a5f8) Importer(815301076,1909f56bfc062723c751e8b465ee728b)  -> (artifact id: 'a43784f7da3d004076f060ca0545ae74') in 0.007276 seconds 
========================================================================
Received Import Request.
  Time since last request: 0.540262 seconds.
  path: Assets/SampleScenes/Scripts/SlowMoButton.cs
  artifactKey: Guid(a24b7aa9e2aea85489b4e8071ea81500) Importer(815301076,1909f56bfc062723c751e8b465ee728b)
Start importing Assets/SampleScenes/Scripts/SlowMoButton.cs using Guid(a24b7aa9e2aea85489b4e8071ea81500) Importer(815301076,1909f56bfc062723c751e8b465ee728b)  -> (artifact id: '94388e12bf26f2c2b4f8e85f8a3047cd') in 0.006593 seconds 
========================================================================
Received Prepare
Refreshing native plugins compatible for Editor in 5.41 ms, found 2 plugins.
Preloading 0 native plugins for Editor in 0.00 ms.
Unloading 21 Unused Serialized files (Serialized files now loaded: 0)
System memory in use before: 87.4 MB.
System memory in use after: 86.3 MB.

Unloading 23 unused Assets to reduce memory usage. Loaded Objects now: 2622.
Total: 4.741200 ms (FindLiveObjects: 0.183000 ms CreateObjectMapping: 0.092500 ms MarkObjects: 3.152700 ms  DeleteObjects: 1.312200 ms)

AssetImportParameters requested are different than current active one (requested -> active):
  custom:framework-win-MediaFoundation: 216162199b28c13a410421893ffa2e32 -> 
  custom:video-decoder-ogg-theora: a1e56fd34408186e4bbccfd4996cb3dc -> 
  custom:container-muxer-webm: aa71ff27fc2769a1b78a27578f13a17b -> 
  custom:container-demuxer-webm: 4f35f7cbe854078d1ac9338744f61a02 -> 
  custom:container-demuxer-ogg: 62fdf1f143b41e24485cea50d1cbac27 -> 
  custom:video-encoder-webm-vp8: eb34c28f22e8b96e1ab97ce403110664 -> 
  custom:video-codec-MediaFoundation-h265: 746d11721c4dcdbdad8f713fa42b33f4 -> 
  custom:video-decoder-webm-vp8: 9c59270c3fd7afecdb556c50c9e8de78 -> 
  custom:audio-decoder-ogg-vorbis: bf7c407c2cedff20999df2af8eb42d56 -> 
  custom:audio-encoder-webm-vorbis: bf7c407c2cedff20999df2af8eb42d56 -> 
AssetImportWorkerClient::OnTransportError - code=2 error=End of file
